[2025-10-21 18:00:54 UTC] =======================================
[2025-10-21 18:00:54 UTC] Master Automation Script Starting
[2025-10-21 18:00:54 UTC] =======================================
[2025-10-21 18:00:54 UTC] Date: 2025-10-21 (10/21/2025)
[2025-10-21 18:00:54 UTC] Day of week: 2 (1=Monday, 7=Sunday)
[2025-10-21 18:00:54 UTC] =======================================
[2025-10-21 18:00:54 UTC] Determining overall season dates...
[2025-10-21 18:00:54 UTC]   alpine: No valid season dates found
[2025-10-21 18:00:54 UTC]   biathlon: No valid season dates found
[2025-10-21 18:00:54 UTC]   nordic-combined: No valid season dates found
[2025-10-21 18:00:54 UTC]   ski: 01/01/2026 to 12/31/2025
[2025-10-21 18:00:54 UTC]   skijump: No valid season dates found
[2025-10-21 18:00:54 UTC] Overall season: 2026-01-01 to 2025-12-31
[2025-10-21 18:00:54 UTC] Season period: [2025-10-21 18:00:54 UTC] Determining overall season dates... to 
[2025-10-21 18:00:54 UTC] Error: Could not convert season dates for comparison
[2025-10-21 18:00:54 UTC] Currently outside of racing season. No scripts will be executed.
[2025-10-21 18:00:54 UTC] Next season expected to start around: [2025-10-21 18:00:54 UTC] Determining overall season dates...
[2025-10-21 18:02:02 UTC] =======================================
[2025-10-21 18:02:02 UTC] Master Automation Script Starting
[2025-10-21 18:02:02 UTC] =======================================
[2025-10-21 18:02:02 UTC] Date: 2025-10-21 (10/21/2025)
[2025-10-21 18:02:02 UTC] Day of week: 2 (1=Monday, 7=Sunday)
[2025-10-21 18:02:02 UTC] =======================================
[2025-10-21 18:02:02 UTC] Determining overall season dates...
[2025-10-21 18:02:02 UTC]   alpine: No valid season dates found
[2025-10-21 18:02:02 UTC]   biathlon: No valid season dates found
[2025-10-21 18:02:02 UTC]   nordic-combined: No valid season dates found
[2025-10-21 18:02:02 UTC]   ski: 01/01/2026 to 12/31/2025
[2025-10-21 18:02:02 UTC]   skijump: No valid season dates found
[2025-10-21 18:02:02 UTC] Overall season: 2026-01-01 to 2025-12-31
[2025-10-21 18:02:02 UTC] Season period: [2025-10-21 18:02:02 UTC] Determining overall season dates... to 
[2025-10-21 18:02:02 UTC] Error: Could not convert season dates for comparison
[2025-10-21 18:02:02 UTC] Currently outside of racing season. No scripts will be executed.
[2025-10-21 18:02:02 UTC] Next season expected to start around: [2025-10-21 18:02:02 UTC] Determining overall season dates...
