[2025-11-13 22:12:06 UTC] =======================================
[2025-11-13 22:12:06 UTC] Master Automation Script Starting
[2025-11-13 22:12:06 UTC] =======================================
[2025-11-13 22:12:06 UTC] Date: 2025-11-13 (11/13/2025)
[2025-11-13 22:12:06 UTC] Day of week: 4 (1=Monday, 7=Sunday)
[2025-11-13 22:12:06 UTC] =======================================
[2025-11-13 22:12:06 UTC] Determining overall season dates...
[2025-11-13 22:12:06 UTC]   alpine: 10/25/2025 to 03/25/2026
[2025-11-13 22:12:06 UTC]   biathlon: 11/29/2025 to 03/22/2026
[2025-11-13 22:12:06 UTC]   nordic-combined: 11/28/2025 to 03/15/2026
[2025-11-13 22:12:06 UTC]   ski: 11/28/2025 to 03/22/2026
[2025-11-13 22:12:06 UTC]   skijump: 11/21/2025 to 03/28/2026
[2025-11-13 22:12:06 UTC] Overall season: 2025-10-25 to 2026-03-28
[2025-11-13 22:12:06 UTC] Season period: 2025-10-25 to 2026-03-28
[2025-11-13 22:12:06 UTC] Season check: 2025-10-25 <= 2025-11-13 <= 2026-03-29
[2025-11-13 22:12:06 UTC] ✓ Currently in racing season
[2025-11-13 22:12:06 UTC] - No races found for today - skipping predict_script.sh
[2025-11-13 22:12:06 UTC] ✓ In season - will run score_scrape.sh (checks yesterday's races)
[2025-11-13 22:12:06 UTC] - Not Monday - skipping recap_script.sh
[2025-11-13 22:12:06 UTC] =======================================
[2025-11-13 22:12:06 UTC] Execution Summary:
[2025-11-13 22:12:06 UTC]   score_scrape.sh: YES
[2025-11-13 22:12:06 UTC]   predict_script.sh: NO
[2025-11-13 22:12:06 UTC]   recap_script.sh: NO
[2025-11-13 22:12:06 UTC] =======================================
[2025-11-13 22:12:06 UTC] Starting score_scrape.sh...
[2025-11-13 22:12:06 UTC] ✓ score_scrape.sh completed successfully (2025-11-13 22:12:06 UTC to 2025-11-13 22:12:06 UTC)
[2025-11-13 22:12:06 UTC]   Output logged to: /Users/syverjohansen/blog/daehl-e/logs/score_scrape-20251113-221206.log
[2025-11-13 22:12:06 UTC] =======================================
[2025-11-13 22:12:06 UTC] Committing and pushing changes to git
[2025-11-13 22:12:06 UTC] =======================================
[2025-11-13 22:12:06 UTC] Changes detected, proceeding with git operations...
[2025-11-13 22:12:06 UTC] Adding all changes to git...
