[2025-11-02 04:00:00 UTC] =======================================
[2025-11-02 04:00:00 UTC] Master Automation Script Starting
[2025-11-02 04:00:00 UTC] =======================================
[2025-11-02 04:00:00 UTC] Date: 2025-11-02 (11/02/2025)
[2025-11-02 04:00:00 UTC] Day of week: 7 (1=Monday, 7=Sunday)
[2025-11-02 04:00:00 UTC] =======================================
[2025-11-02 04:00:00 UTC] Determining overall season dates...
[2025-11-02 04:00:00 UTC]   alpine: 10/25/2025 to 03/25/2026
[2025-11-02 04:00:00 UTC]   biathlon: 11/29/2025 to 03/22/2026
[2025-11-02 04:00:00 UTC]   nordic-combined: 11/28/2025 to 03/15/2026
[2025-11-02 04:00:00 UTC]   ski: 11/28/2025 to 03/22/2026
[2025-11-02 04:00:00 UTC]   skijump: 11/21/2025 to 03/28/2026
[2025-11-02 04:00:00 UTC] Overall season: 2025-10-25 to 2026-03-28
[2025-11-02 04:00:00 UTC] Season period: 2025-10-25 to 2026-03-28
[2025-11-02 04:00:00 UTC] Season check: 2025-10-25 <= 2025-11-02 <= 2026-03-29
[2025-11-02 04:00:00 UTC] ✓ Currently in racing season
[2025-11-02 04:00:00 UTC] - No races found for today - skipping predict_script.sh
[2025-11-02 04:00:00 UTC] ✓ In season - will run score_scrape.sh (checks yesterday's races)
[2025-11-02 04:00:00 UTC] - Not Monday - skipping recap_script.sh
[2025-11-02 04:00:00 UTC] =======================================
[2025-11-02 04:00:00 UTC] Execution Summary:
[2025-11-02 04:00:00 UTC]   score_scrape.sh: YES
[2025-11-02 04:00:00 UTC]   predict_script.sh: NO
[2025-11-02 04:00:00 UTC]   recap_script.sh: NO
[2025-11-02 04:00:00 UTC] =======================================
[2025-11-02 04:00:00 UTC] Starting score_scrape.sh...
[2025-11-02 04:00:01 UTC] ✓ score_scrape.sh completed successfully (2025-11-02 04:00:00 UTC to 2025-11-02 04:00:00 UTC)
[2025-11-02 04:00:01 UTC]   Output logged to: /Users/syverjohansen/blog/daehl-e/logs/score_scrape-20251102-040000.log
[2025-11-02 04:00:01 UTC] =======================================
[2025-11-02 04:00:01 UTC] Committing and pushing changes to git
[2025-11-02 04:00:01 UTC] =======================================
[2025-11-02 04:00:01 UTC] Changes detected, proceeding with git operations...
[2025-11-02 04:00:01 UTC] Adding all changes to git...
[2025-11-02 04:00:01 UTC] ✓ Successfully added changes to git
[2025-11-02 04:00:01 UTC] Committing changes with message: Master automation successfully ran and did the following: score_scrape
[main 942ae34b97] Master automation successfully ran and did the following: score_scrape
 63 files changed, 2073 insertions(+), 8 deletions(-)
 delete mode 100644 content/post/skijump/drafts/season-prediction/2026/excel365/.~lock.Men_WorldCup_Predictions_2026.xlsx#
 create mode 100644 data/alpine/season-prediction/race-proportions-ladies_2021.json
 create mode 100644 data/alpine/season-prediction/race-proportions-ladies_2022.json
 create mode 100644 data/alpine/season-prediction/race-proportions-ladies_2023.json
 create mode 100644 data/alpine/season-prediction/race-proportions-ladies_2024.json
 create mode 100644 data/alpine/season-prediction/race-proportions-ladies_2025.json
 create mode 100644 data/alpine/season-prediction/race-proportions-ladies_2026.json
 create mode 100644 data/alpine/season-prediction/race-proportions-ladies_Sheet1.json
 create mode 100644 data/alpine/season-prediction/race-proportions-men_2021.json
 create mode 100644 data/alpine/season-prediction/race-proportions-men_2022.json
 create mode 100644 data/alpine/season-prediction/race-proportions-men_2023.json
 create mode 100644 data/alpine/season-prediction/race-proportions-men_2024.json
 create mode 100644 data/alpine/season-prediction/race-proportions-men_2025.json
 create mode 100644 data/alpine/season-prediction/race-proportions-men_2026.json
 create mode 100644 data/alpine/season-prediction/race-proportions-men_Sheet1.json
 create mode 100644 data/biathlon/season-prediction/race-proportions_2021.json
 create mode 100644 data/biathlon/season-prediction/race-proportions_2022.json
 create mode 100644 data/biathlon/season-prediction/race-proportions_2023.json
 create mode 100644 data/biathlon/season-prediction/race-proportions_2024.json
 create mode 100644 data/biathlon/season-prediction/race-proportions_2025.json
 create mode 100644 data/biathlon/season-prediction/race-proportions_2026.json
 create mode 100644 data/biathlon/season-prediction/race-proportions_Sheet1.json
 create mode 100644 data/cross-country/season-prediction/race-proportions_2021.json
 create mode 100644 data/cross-country/season-prediction/race-proportions_2022.json
 create mode 100644 data/cross-country/season-prediction/race-proportions_2023.json
 create mode 100644 data/cross-country/season-prediction/race-proportions_2024.json
 create mode 100644 data/cross-country/season-prediction/race-proportions_2025.json
 create mode 100644 data/cross-country/season-prediction/race-proportions_2026.json
 create mode 100644 data/cross-country/season-prediction/race-proportions_Sheet1.json
 create mode 100644 data/nordic-combined/season-prediction/race-proportions-ladies_2021.json
 create mode 100644 data/nordic-combined/season-prediction/race-proportions-ladies_2022.json
 create mode 100644 data/nordic-combined/season-prediction/race-proportions-ladies_2023.json
 create mode 100644 data/nordic-combined/season-prediction/race-proportions-ladies_2024.json
 create mode 100644 data/nordic-combined/season-prediction/race-proportions-ladies_2025.json
 create mode 100644 data/nordic-combined/season-prediction/race-proportions-ladies_2026.json
 create mode 100644 data/nordic-combined/season-prediction/race-proportions-ladies_Sheet1.json
 create mode 100644 data/nordic-combined/season-prediction/race-proportions-men_2021.json
 create mode 100644 data/nordic-combined/season-prediction/race-proportions-men_2022.json
 create mode 100644 data/nordic-combined/season-prediction/race-proportions-men_2023.json
 create mode 100644 data/nordic-combined/season-prediction/race-proportions-men_2024.json
 create mode 100644 data/nordic-combined/season-prediction/race-proportions-men_2025.json
 create mode 100644 data/nordic-combined/season-prediction/race-proportions-men_2026.json
 create mode 100644 data/nordic-combined/season-prediction/race-proportions-men_Sheet1.json
 create mode 100644 data/skijump/season-prediction/race-proportions-ladies_2021.json
 create mode 100644 data/skijump/season-prediction/race-proportions-ladies_2022.json
 create mode 100644 data/skijump/season-prediction/race-proportions-ladies_2023.json
 create mode 100644 data/skijump/season-prediction/race-proportions-ladies_2024.json
 create mode 100644 data/skijump/season-prediction/race-proportions-ladies_2025.json
 create mode 100644 data/skijump/season-prediction/race-proportions-ladies_2026.json
 create mode 100644 data/skijump/season-prediction/race-proportions-ladies_Sheet1.json
 create mode 100644 data/skijump/season-prediction/race-proportions-men_2021.json
 create mode 100644 data/skijump/season-prediction/race-proportions-men_2022.json
 create mode 100644 data/skijump/season-prediction/race-proportions-men_2023.json
 create mode 100644 data/skijump/season-prediction/race-proportions-men_2024.json
 create mode 100644 data/skijump/season-prediction/race-proportions-men_2025.json
 create mode 100644 data/skijump/season-prediction/race-proportions-men_2026.json
 create mode 100644 data/skijump/season-prediction/race-proportions-men_Sheet1.json
 create mode 100644 logs/master-automation-20251102.log
 create mode 100644 logs/score_scrape-20251102-040000.log
[2025-11-02 04:00:01 UTC] ✓ Successfully committed changes
[2025-11-02 04:00:01 UTC] Pulling latest changes from origin main...
From github.com:syverjohansen/blog
 * branch                  main       -> FETCH_HEAD
Already up to date.
[2025-11-02 04:00:02 UTC] ✓ Successfully pulled from origin main
[2025-11-02 04:00:02 UTC] Pushing changes to origin main...
To github.com:syverjohansen/blog.git
   70a147c228..942ae34b97  main -> main
[2025-11-02 04:00:02 UTC] ✓ Successfully pushed to origin main
[2025-11-02 04:00:03 UTC] =======================================
[2025-11-02 04:00:03 UTC] Master Automation Script Completed
[2025-11-02 04:00:03 UTC] =======================================
[2025-11-02 04:00:03 UTC] Execution results: score_scrape:SUCCESS git_commit:SUCCESS git_pull:SUCCESS git_push:SUCCESS
[2025-11-02 04:00:03 UTC] Total execution time: 2025-11-02 04:00:03 UTC
[2025-11-02 04:00:03 UTC] Log file: /Users/syverjohansen/blog/daehl-e/logs/master-automation-20251102.log
[2025-11-02 04:00:03 UTC] =======================================
[2025-11-02 04:00:03 UTC] ✓ All operations completed successfully
