[2025-11-15 00:00:01 UTC] =======================================
[2025-11-15 00:00:01 UTC] Master Automation Script Starting
[2025-11-15 00:00:01 UTC] =======================================
[2025-11-15 00:00:01 UTC] Date: 2025-11-15 (11/15/2025)
[2025-11-15 00:00:01 UTC] Day of week: 6 (1=Monday, 7=Sunday)
[2025-11-15 00:00:01 UTC] =======================================
[2025-11-15 00:00:01 UTC] Determining overall season dates...
[2025-11-15 00:00:01 UTC]   alpine: 10/25/2025 to 03/25/2026
[2025-11-15 00:00:01 UTC]   biathlon: 11/29/2025 to 03/22/2026
[2025-11-15 00:00:01 UTC]   nordic-combined: 11/28/2025 to 03/15/2026
[2025-11-15 00:00:01 UTC]   ski: 11/28/2025 to 03/22/2026
[2025-11-15 00:00:01 UTC]   skijump: 11/21/2025 to 03/28/2026
[2025-11-15 00:00:01 UTC] Overall season: 2025-10-25 to 2026-03-28
[2025-11-15 00:00:01 UTC] Season period: 2025-10-25 to 2026-03-28
[2025-11-15 00:00:01 UTC] Season check: 2025-10-25 <= 2025-11-15 <= 2026-03-29
[2025-11-15 00:00:01 UTC] ✓ Currently in racing season
[2025-11-15 00:00:01 UTC] Found races today for alpine
[2025-11-15 00:00:01 UTC] ✓ Races found for today - will run predict_script.sh
[2025-11-15 00:00:01 UTC] ✓ In season - will run score_scrape.sh (checks yesterday's races)
[2025-11-15 00:00:01 UTC] - Not Monday - skipping recap_script.sh
[2025-11-15 00:00:01 UTC] =======================================
[2025-11-15 00:00:01 UTC] Execution Summary:
[2025-11-15 00:00:01 UTC]   score_scrape.sh: YES
[2025-11-15 00:00:01 UTC]   predict_script.sh: YES
[2025-11-15 00:00:01 UTC]   recap_script.sh: NO
[2025-11-15 00:00:01 UTC] =======================================
[2025-11-15 00:00:01 UTC] Starting score_scrape_ubuntu.sh...
[2025-11-15 00:00:01 UTC] ✓ score_scrape_ubuntu.sh completed successfully (2025-11-15 00:00:01 UTC to 2025-11-15 00:00:01 UTC)
[2025-11-15 00:00:01 UTC]   Output logged to: /root/blog/daehl-e/logs/score_scrape_ubuntu-20251115-000001.log
[2025-11-15 00:00:01 UTC] Starting predict_script_ubuntu.sh...
[2025-11-15 00:00:02 UTC] ✓ predict_script_ubuntu.sh completed successfully (2025-11-15 00:00:01 UTC to 2025-11-15 00:00:02 UTC)
[2025-11-15 00:00:02 UTC]   Output logged to: /root/blog/daehl-e/logs/predict_script_ubuntu-20251115-000001.log
[2025-11-15 00:00:02 UTC] =======================================
[2025-11-15 00:00:02 UTC] Committing and pushing changes to git
[2025-11-15 00:00:02 UTC] =======================================
[2025-11-15 00:00:02 UTC] Changes detected, proceeding with git operations...
[2025-11-15 00:00:02 UTC] Adding all changes to git...
