[2025-10-18 19:24:32 UTC] =======================================
[2025-10-18 19:24:32 UTC] Master Automation Script Starting
[2025-10-18 19:24:32 UTC] =======================================
[2025-10-18 19:24:32 UTC] Date: 2025-10-18 (10/18/2025)
[2025-10-18 19:24:32 UTC] Day of week: 6 (1=Monday, 7=Sunday)
[2025-10-18 19:24:32 UTC] =======================================
[2025-10-18 19:24:32 UTC] Determining overall season dates...
[2025-10-18 19:24:32 UTC]   alpine: No valid season dates found
[2025-10-18 19:24:32 UTC]   biathlon: No valid season dates found
[2025-10-18 19:24:32 UTC]   nordic-combined: No valid season dates found
[2025-10-18 19:24:32 UTC]   ski: 01/01/2026 to 12/31/2025
[2025-10-18 19:24:32 UTC]   skijump: No valid season dates found
[2025-10-18 19:24:32 UTC] Overall season: 2026-01-01 to 2025-12-31
[2025-10-18 19:24:32 UTC] Season period: [2025-10-18 19:24:32 UTC] Determining overall season dates... to 
[2025-10-18 19:24:32 UTC] Error: Could not convert season dates for comparison
[2025-10-18 19:24:32 UTC] Currently outside of racing season. No scripts will be executed.
[2025-10-18 19:24:32 UTC] Next season expected to start around: [2025-10-18 19:24:32 UTC] Determining overall season dates...
[2025-10-18 19:28:50 UTC] =======================================
[2025-10-18 19:28:50 UTC] Master Automation Script Starting
[2025-10-18 19:28:50 UTC] =======================================
[2025-10-18 19:28:50 UTC] Date: 2025-10-18 (10/18/2025)
[2025-10-18 19:28:50 UTC] Day of week: 6 (1=Monday, 7=Sunday)
[2025-10-18 19:28:50 UTC] =======================================
[2025-10-18 19:28:50 UTC] Determining overall season dates...
[2025-10-18 19:28:50 UTC]   alpine: No valid season dates found
[2025-10-18 19:28:50 UTC]   biathlon: No valid season dates found
[2025-10-18 19:28:50 UTC]   nordic-combined: No valid season dates found
[2025-10-18 19:28:50 UTC]   ski: 01/01/2026 to 12/31/2025
[2025-10-18 19:28:50 UTC]   skijump: No valid season dates found
[2025-10-18 19:28:50 UTC] Overall season: 2026-01-01 to 2025-12-31
[2025-10-18 19:28:50 UTC] Season period: [2025-10-18 19:28:50 UTC] Determining overall season dates... to 
[2025-10-18 19:28:50 UTC] Error: Could not convert season dates for comparison
[2025-10-18 19:28:50 UTC] Currently outside of racing season. No scripts will be executed.
[2025-10-18 19:28:50 UTC] Next season expected to start around: [2025-10-18 19:28:50 UTC] Determining overall season dates...
