[2025-10-26 02:34:46 UTC] =======================================
[2025-10-26 02:34:46 UTC] Master Automation Script Starting
[2025-10-26 02:34:46 UTC] =======================================
[2025-10-26 02:34:46 UTC] Date: 2025-10-26 (10/26/2025)
[2025-10-26 02:34:46 UTC] Day of week: 7 (1=Monday, 7=Sunday)
[2025-10-26 02:34:46 UTC] =======================================
[2025-10-26 02:34:46 UTC] Determining overall season dates...
[2025-10-26 02:34:46 UTC]   alpine: 10/25/2025 to 03/25/2026
[2025-10-26 02:34:46 UTC]   biathlon: 11/29/2025 to 03/22/2026
[2025-10-26 02:34:46 UTC]   nordic-combined: 11/28/2025 to 03/15/2026
[2025-10-26 02:34:46 UTC]   ski: 11/28/2025 to 03/22/2026
[2025-10-26 02:34:46 UTC]   skijump: 11/21/2025 to 03/28/2026
[2025-10-26 02:34:46 UTC] Overall season: 2025-10-25 to 2026-03-28
[2025-10-26 02:34:46 UTC] Season period: 2025-10-25 to 2026-03-28
[2025-10-26 02:34:46 UTC] Season check: 2025-10-25 <= 2025-10-26 <= 2026-03-29
[2025-10-26 02:34:46 UTC] ✓ Currently in racing season
[2025-10-26 02:34:46 UTC] Found races today for alpine
[2025-10-26 02:34:46 UTC] ✓ Races found for today - will run predict_script.sh
[2025-10-26 02:34:46 UTC] ✓ In season - will run score_scrape.sh (checks yesterday's races)
[2025-10-26 02:34:46 UTC] - Not Monday - skipping recap_script.sh
[2025-10-26 02:34:46 UTC] =======================================
[2025-10-26 02:34:46 UTC] Execution Summary:
[2025-10-26 02:34:46 UTC]   predict_script.sh: YES
[2025-10-26 02:34:46 UTC]   score_scrape.sh: YES
[2025-10-26 02:34:46 UTC]   recap_script.sh: NO
[2025-10-26 02:34:46 UTC] =======================================
[2025-10-26 02:34:46 UTC] Starting predict_script.sh...
[2025-10-26 02:34:47 UTC] ✓ predict_script.sh completed successfully (2025-10-26 02:34:46 UTC to 2025-10-26 02:34:47 UTC)
[2025-10-26 02:34:47 UTC]   Output logged to: /Users/syverjohansen/blog/daehl-e/logs/predict_script-20251026-023446.log
[2025-10-26 02:34:47 UTC] Starting score_scrape.sh...
[2025-10-26 02:34:48 UTC] ✓ score_scrape.sh completed successfully (2025-10-26 02:34:47 UTC to 2025-10-26 02:34:48 UTC)
[2025-10-26 02:34:48 UTC]   Output logged to: /Users/syverjohansen/blog/daehl-e/logs/score_scrape-20251026-023447.log
[2025-10-26 02:34:48 UTC] =======================================
[2025-10-26 02:34:48 UTC] Committing and pushing changes to git
[2025-10-26 02:34:48 UTC] =======================================
[2025-10-26 02:34:48 UTC] Changes detected, proceeding with git operations...
[2025-10-26 02:34:48 UTC] Adding all changes to git...
