[2025-11-15 12:46:49 GMT] =======================================
[2025-11-15 12:46:49 GMT] Starting prediction script for November 15, 2025
[2025-11-15 12:46:49 GMT] =======================================
[2025-11-15 12:46:49 GMT] Date formats:
[2025-11-15 12:46:49 GMT]   MM/DD/YYYY: 11/15/2025
[2025-11-15 12:46:49 GMT]   YYYYMMDD: 20251115
[2025-11-15 12:46:49 GMT]   Display: November 15, 2025
[2025-11-15 12:46:49 GMT] =======================================
[2025-11-15 12:46:49 GMT] Checking base directories:
[2025-11-15 12:46:49 GMT]   BLOG_DIR: /root/blog/daehl-e (exists: yes)
[2025-11-15 12:46:49 GMT]   SKI_DIR: /root/ski/elo/python (exists: yes)
[2025-11-15 12:46:49 GMT]   CONTENT_DIR: /root/blog/daehl-e/content/post (exists: yes)
[2025-11-15 12:46:49 GMT] =======================================
[2025-11-15 12:46:49 GMT] Processing sports for predictions
[2025-11-15 12:46:49 GMT] =======================================
[2025-11-15 12:46:49 GMT] --- Starting alpine processing ---
[2025-11-15 12:46:49 GMT] Processing sport: alpine -> alpine
[2025-11-15 12:46:49 GMT] Checking directories for alpine:
[2025-11-15 12:46:49 GMT]   Excel dir: /root/ski/elo/python/alpine/polars/excel365 (exists: yes)
[2025-11-15 12:46:49 GMT]   Polars dir: /root/ski/elo/python/alpine/polars (exists: yes)
[2025-11-15 12:46:49 GMT]   Weekends CSV: /root/ski/elo/python/alpine/polars/excel365/weekends.csv (exists: yes)
[2025-11-15 12:46:49 GMT]   Races CSV: /root/ski/elo/python/alpine/polars/excel365/races.csv (exists: yes)
[2025-11-15 12:46:49 GMT] Checking for date 11/15/2025 in /root/ski/elo/python/alpine/polars/excel365/weekends.csv
[2025-11-15 12:46:49 GMT] ✓ Weekend races found for alpine on 11/15/2025
[2025-11-15 12:46:49 GMT] Running startlist-scrape-weekend.py for alpine
[2025-11-15 12:46:49 GMT] Completed startlist-scrape-weekend.py for alpine
[2025-11-15 12:46:49 GMT] Weekend source directory not found: /root/blog/daehl-e/content/post/alpine/drafts/weekly-picks/20251115
[2025-11-15 12:46:49 GMT] Checking for date 11/15/2025 in /root/ski/elo/python/alpine/polars/excel365/races.csv
[2025-11-15 12:46:49 GMT] ✓ Regular races found for alpine on 11/15/2025
[2025-11-15 12:46:49 GMT] Running startlist-scrape-races.py for alpine
[2025-11-15 12:46:49 GMT] Completed startlist-scrape-races.py for alpine
[2025-11-15 12:46:49 GMT] Race source directory not found: /root/blog/daehl-e/content/post/alpine/drafts/race-picks/20251115
[2025-11-15 12:46:49 GMT] ✗ alpine returned no prediction data
[2025-11-15 12:46:49 GMT] --- Completed alpine processing ---
[2025-11-15 12:46:49 GMT] 
[2025-11-15 12:46:49 GMT] --- Starting biathlon processing ---
[2025-11-15 12:46:49 GMT] Processing sport: biathlon -> biathlon
[2025-11-15 12:46:49 GMT] Checking directories for biathlon:
[2025-11-15 12:46:49 GMT]   Excel dir: /root/ski/elo/python/biathlon/polars/excel365 (exists: yes)
[2025-11-15 12:46:49 GMT]   Polars dir: /root/ski/elo/python/biathlon/polars (exists: yes)
[2025-11-15 12:46:49 GMT]   Weekends CSV: /root/ski/elo/python/biathlon/polars/excel365/weekends.csv (exists: yes)
[2025-11-15 12:46:49 GMT]   Races CSV: /root/ski/elo/python/biathlon/polars/excel365/races.csv (exists: yes)
[2025-11-15 12:46:49 GMT] Checking for date 11/15/2025 in /root/ski/elo/python/biathlon/polars/excel365/weekends.csv
[2025-11-15 12:46:49 GMT] ✗ No weekend races found for biathlon on 11/15/2025
[2025-11-15 12:46:49 GMT] Checking for date 11/15/2025 in /root/ski/elo/python/biathlon/polars/excel365/races.csv
[2025-11-15 12:46:49 GMT] ✗ No regular races found for biathlon on 11/15/2025
[2025-11-15 12:46:49 GMT] ✗ biathlon returned no prediction data
[2025-11-15 12:46:49 GMT] --- Completed biathlon processing ---
[2025-11-15 12:46:49 GMT] 
[2025-11-15 12:46:49 GMT] --- Starting nordic-combined processing ---
[2025-11-15 12:46:49 GMT] Processing sport: nordic-combined -> nordic-combined
[2025-11-15 12:46:49 GMT] Checking directories for nordic-combined:
[2025-11-15 12:46:49 GMT]   Excel dir: /root/ski/elo/python/nordic-combined/polars/excel365 (exists: yes)
[2025-11-15 12:46:49 GMT]   Polars dir: /root/ski/elo/python/nordic-combined/polars (exists: yes)
[2025-11-15 12:46:49 GMT]   Weekends CSV: /root/ski/elo/python/nordic-combined/polars/excel365/weekends.csv (exists: yes)
[2025-11-15 12:46:49 GMT]   Races CSV: /root/ski/elo/python/nordic-combined/polars/excel365/races.csv (exists: yes)
[2025-11-15 12:46:49 GMT] Checking for date 11/15/2025 in /root/ski/elo/python/nordic-combined/polars/excel365/weekends.csv
[2025-11-15 12:46:49 GMT] ✗ No weekend races found for nordic-combined on 11/15/2025
[2025-11-15 12:46:49 GMT] Checking for date 11/15/2025 in /root/ski/elo/python/nordic-combined/polars/excel365/races.csv
[2025-11-15 12:46:49 GMT] ✗ No regular races found for nordic-combined on 11/15/2025
[2025-11-15 12:46:49 GMT] ✗ nordic-combined returned no prediction data
[2025-11-15 12:46:49 GMT] --- Completed nordic-combined processing ---
[2025-11-15 12:46:49 GMT] 
[2025-11-15 12:46:49 GMT] --- Starting ski processing ---
[2025-11-15 12:46:49 GMT] Processing sport: ski -> cross-country
[2025-11-15 12:46:49 GMT] Checking directories for ski:
[2025-11-15 12:46:49 GMT]   Excel dir: /root/ski/elo/python/ski/polars/excel365 (exists: yes)
[2025-11-15 12:46:49 GMT]   Polars dir: /root/ski/elo/python/ski/polars (exists: yes)
[2025-11-15 12:46:49 GMT]   Weekends CSV: /root/ski/elo/python/ski/polars/excel365/weekends.csv (exists: yes)
[2025-11-15 12:46:49 GMT]   Races CSV: /root/ski/elo/python/ski/polars/excel365/races.csv (exists: yes)
[2025-11-15 12:46:49 GMT] Checking for date 11/15/2025 in /root/ski/elo/python/ski/polars/excel365/weekends.csv
[2025-11-15 12:46:49 GMT] ✗ No weekend races found for ski on 11/15/2025
[2025-11-15 12:46:49 GMT] Checking for date 11/15/2025 in /root/ski/elo/python/ski/polars/excel365/races.csv
[2025-11-15 12:46:49 GMT] ✗ No regular races found for ski on 11/15/2025
[2025-11-15 12:46:49 GMT] ✗ ski returned no prediction data
[2025-11-15 12:46:49 GMT] --- Completed ski processing ---
[2025-11-15 12:46:49 GMT] 
[2025-11-15 12:46:49 GMT] --- Starting skijump processing ---
[2025-11-15 12:46:49 GMT] Processing sport: skijump -> skijump
[2025-11-15 12:46:49 GMT] Checking directories for skijump:
[2025-11-15 12:46:49 GMT]   Excel dir: /root/ski/elo/python/skijump/polars/excel365 (exists: yes)
[2025-11-15 12:46:49 GMT]   Polars dir: /root/ski/elo/python/skijump/polars (exists: yes)
[2025-11-15 12:46:49 GMT]   Weekends CSV: /root/ski/elo/python/skijump/polars/excel365/weekends.csv (exists: yes)
[2025-11-15 12:46:49 GMT]   Races CSV: /root/ski/elo/python/skijump/polars/excel365/races.csv (exists: yes)
[2025-11-15 12:46:49 GMT] Checking for date 11/15/2025 in /root/ski/elo/python/skijump/polars/excel365/weekends.csv
[2025-11-15 12:46:49 GMT] ✗ No weekend races found for skijump on 11/15/2025
[2025-11-15 12:46:49 GMT] Checking for date 11/15/2025 in /root/ski/elo/python/skijump/polars/excel365/races.csv
[2025-11-15 12:46:49 GMT] ✗ No regular races found for skijump on 11/15/2025
[2025-11-15 12:46:49 GMT] ✗ skijump returned no prediction data
[2025-11-15 12:46:49 GMT] --- Completed skijump processing ---
[2025-11-15 12:46:49 GMT] 
[2025-11-15 12:46:49 GMT] =======================================
[2025-11-15 12:46:49 GMT] Sport processing complete
[2025-11-15 12:46:49 GMT] Sports with predictions: 
[2025-11-15 12:46:49 GMT] =======================================
[2025-11-15 12:46:49 GMT] No predictions found for today
[2025-11-15 12:46:49 GMT] =======================================
[2025-11-15 12:46:49 GMT] Prediction script completed successfully
[2025-11-15 12:46:49 GMT] =======================================
