[2025-11-15 13:25:04 GMT] =======================================
[2025-11-15 13:25:04 GMT] Starting prediction script for November 15, 2025
[2025-11-15 13:25:04 GMT] =======================================
[2025-11-15 13:25:04 GMT] Date formats:
[2025-11-15 13:25:04 GMT]   MM/DD/YYYY: 11/15/2025
[2025-11-15 13:25:04 GMT]   YYYYMMDD: 20251115
[2025-11-15 13:25:04 GMT]   Display: November 15, 2025
[2025-11-15 13:25:04 GMT] =======================================
[2025-11-15 13:25:04 GMT] Checking base directories:
[2025-11-15 13:25:04 GMT]   BLOG_DIR: /root/blog/daehl-e (exists: yes)
[2025-11-15 13:25:04 GMT]   SKI_DIR: /root/ski/elo/python (exists: yes)
[2025-11-15 13:25:04 GMT]   CONTENT_DIR: /root/blog/daehl-e/content/post (exists: yes)
[2025-11-15 13:25:04 GMT] =======================================
[2025-11-15 13:25:04 GMT] Processing sports for predictions
[2025-11-15 13:25:04 GMT] =======================================
[2025-11-15 13:25:04 GMT] --- Starting alpine processing ---
[2025-11-15 13:25:04 GMT] Processing sport: alpine -> alpine
[2025-11-15 13:25:04 GMT] Checking directories for alpine:
[2025-11-15 13:25:04 GMT]   Excel dir: /root/ski/elo/python/alpine/polars/excel365 (exists: yes)
[2025-11-15 13:25:04 GMT]   Polars dir: /root/ski/elo/python/alpine/polars (exists: yes)
[2025-11-15 13:25:04 GMT]   Weekends CSV: /root/ski/elo/python/alpine/polars/excel365/weekends.csv (exists: yes)
[2025-11-15 13:25:04 GMT]   Races CSV: /root/ski/elo/python/alpine/polars/excel365/races.csv (exists: yes)
[2025-11-15 13:25:04 GMT] Checking for date 11/15/2025 in /root/ski/elo/python/alpine/polars/excel365/weekends.csv
[2025-11-15 13:25:04 GMT] ✓ Weekend races found for alpine on 11/15/2025
[2025-11-15 13:25:04 GMT] Running startlist-scrape-weekend.py for alpine
[2025-11-15 13:25:18 GMT] Completed startlist-scrape-weekend.py for alpine
[2025-11-15 13:25:18 GMT] Created weekend source directory: /root/blog/daehl-e/content/post/alpine/drafts/weekly-picks/20251115
[2025-11-15 13:25:18 GMT] Processing weekend Excel files in /root/blog/daehl-e/content/post/alpine/drafts/weekly-picks/20251115
[2025-11-15 13:25:18 GMT] Found 0 weekend Excel files to process
[2025-11-15 13:25:18 GMT] Checking for date 11/15/2025 in /root/ski/elo/python/alpine/polars/excel365/races.csv
[2025-11-15 13:25:18 GMT] ✓ Regular races found for alpine on 11/15/2025
[2025-11-15 13:25:18 GMT] Running startlist-scrape-races.py for alpine
Traceback (most recent call last):
  File "/root/ski/elo/python/alpine/polars/startlist-scrape-races.py", line 330, in create_race_startlist
    elo_match = fuzzy_match_name(name, elo_scores['Skier'].tolist())
  File "/root/ski/elo/python/alpine/polars/startlist_common.py", line 538, in fuzzy_match_name
    from thefuzz import fuzz
ModuleNotFoundError: No module named 'thefuzz'
[2025-11-15 13:25:21 GMT] Completed startlist-scrape-races.py for alpine
[2025-11-15 13:25:21 GMT] Created race source directory: /root/blog/daehl-e/content/post/alpine/drafts/race-picks/20251115
[2025-11-15 13:25:21 GMT] Processing race Excel files in /root/blog/daehl-e/content/post/alpine/drafts/race-picks/20251115
[2025-11-15 13:25:21 GMT] Found 0 race Excel files to process
[2025-11-15 13:25:21 GMT] ✓ alpine returned prediction data: Reading weekends.csv...
Successfully read weekends.csv with 85 rows
Today's date in UTC: 11/15/2025
Races found for today (11/15/2025): 2
Today's races:
  - L Slalom in Levi, Finland
  - M Slalom in Levi, Finland
Next race date: 11/15/2025
Next race date is 11/15/2025
Found 2 races on 11/15/2025
Next races details:
  - L Slalom in Levi, Finland - Startlist: https://www.fis-ski.com/DB/general/results.html?sectorcode=AL&raceid=127333
  - M Slalom in Levi, Finland - Startlist: https://www.fis-ski.com/DB/general/results.html?sectorcode=AL&raceid=127334
Found 2 individual races

=== Processing Individual Races ===
Sorted races by Race_Date, first race date: 2025-11-15 00:00:00
Host nation for this weekend: Finland
Found 1 men's races and 1 ladies' races to process

Processing men races...
Total men races: 1
All probability columns: ['Race1_Prob']
Processing race 1 with probability column: Race1_Prob
Race 1 details: M Slalom in Levi, Finland
Startlist URL: https://www.fis-ski.com/DB/general/results.html?sectorcode=AL&raceid=127334
Extracted race ID: 127334
Processing race 1 with ID: 127334
Race details: Men's Slalom in Levi, Finland
Event title: Levi (FIN)
Audi FIS Ski World Cup
Race type: Audi FIS Ski World Cup
Processing as individual alpine event...
Found 0 athletes in FIS startlist
FIS startlist is empty, skipping
FIS startlist was empty for race 1, falling back to season startlist
Creating season startlist for Men's Slalom in Levi, Finland (Discipline: Slalom)
Most recent season in data: 2026
Found 61 unique skiers from current season 2026
Reading ELO scores from: ~/ski/elo/python/alpine/polars/excel365/men_chrono.csv
Successfully read ELO file with pandas: 88776 rows
First quartile value for Elo: 1252.9470523604034
First quartile value for Downhill_Elo: 1248.4746184223454
First quartile value for Super G_Elo: 1258.5520335358913
First quartile value for Giant Slalom_Elo: 1265.9671116142536
First quartile value for Slalom_Elo: 1270.5943665141476
First quartile value for Combined_Elo: 1281.547832610105
First quartile value for Tech_Elo: 1262.1927377166237
First quartile value for Speed_Elo: 1250.248132227132
Returning ELO data with 2893 rows and columns: ['ID', 'Skier', 'Nation', 'Elo', 'Downhill_Elo', 'Super G_Elo', 'Giant Slalom_Elo', 'Slalom_Elo', 'Combined_Elo', 'Tech_Elo', 'Speed_Elo']
Created season startlist with 61 athletes
Creating comprehensive season startlist to ensure all skiers are included
Creating season startlist for Men's Slalom in Levi, Finland (Discipline: Slalom)
Most recent season in data: 2026
Found 61 unique skiers from current season 2026
Reading ELO scores from: ~/ski/elo/python/alpine/polars/excel365/men_chrono.csv
Successfully read ELO file with pandas: 88776 rows
First quartile value for Elo: 1252.9470523604034
First quartile value for Downhill_Elo: 1248.4746184223454
First quartile value for Super G_Elo: 1258.5520335358913
First quartile value for Giant Slalom_Elo: 1265.9671116142536
First quartile value for Slalom_Elo: 1270.5943665141476
First quartile value for Combined_Elo: 1281.547832610105
First quartile value for Tech_Elo: 1262.1927377166237
First quartile value for Speed_Elo: 1250.248132227132
Returning ELO data with 2893 rows and columns: ['ID', 'Skier', 'Nation', 'Elo', 'Downhill_Elo', 'Super G_Elo', 'Giant Slalom_Elo', 'Slalom_Elo', 'Combined_Elo', 'Tech_Elo', 'Speed_Elo']
Created season startlist with 61 athletes
Found 0 skiers from current season not already in the startlist
Saving consolidated men startlist to ~/ski/elo/python/alpine/polars/excel365/startlist_weekend_men.csv
Saved 61 men athletes

Processing ladies races...
Total ladies races: 1
All probability columns: ['Race1_Prob']
Processing race 1 with probability column: Race1_Prob
Race 1 details: L Slalom in Levi, Finland
Startlist URL: https://www.fis-ski.com/DB/general/results.html?sectorcode=AL&raceid=127333
Extracted race ID: 127333
Processing race 1 with ID: 127333
Race details: Ladies' Slalom in Levi, Finland
Event title: Levi (FIN)
Audi FIS Ski World Cup
Race type: Audi FIS Ski World Cup
Processing as individual alpine event...
Found 84 athletes in FIS startlist
Determined discipline: Slalom
Reading ELO scores from: ~/ski/elo/python/alpine/polars/excel365/ladies_chrono.csv
Successfully read ELO file with pandas: 78729 rows
First quartile value for Elo: 1254.1073314570071
First quartile value for Downhill_Elo: 1257.5535213029661
First quartile value for Super G_Elo: 1250.7467817395404
First quartile value for Giant Slalom_Elo: 1265.3314349509983
First quartile value for Slalom_Elo: 1268.8529181675576
First quartile value for Combined_Elo: 1285.0801923897802
First quartile value for Tech_Elo: 1261.0334923063472
First quartile value for Speed_Elo: 1251.2751842207147
Returning ELO data with 2146 rows and columns: ['ID', 'Skier', 'Nation', 'Elo', 'Downhill_Elo', 'Super G_Elo', 'Giant Slalom_Elo', 'Slalom_Elo', 'Combined_Elo', 'Tech_Elo', 'Speed_Elo']
No ELO match found for: 
No ELO match found for: 
No ELO match found for: 
No ELO match found for: 
No ELO match found for: 
No ELO match found for: 
No ELO match found for: 
No ELO match found for: 
No ELO match found for: 
No ELO match found for: 
No ELO match found for: 
No ELO match found for: 
No ELO match found for: 
No ELO match found for: 
No ELO match found for: 
No ELO match found for: 
No ELO match found for: 
No ELO match found for: 
No ELO match found for: 
No ELO match found for: 
No ELO match found for: 
No ELO match found for: 
No ELO match found for: 
No ELO match found for: 
No ELO match found for: 
No ELO match found for: 
No ELO match found for: 
No ELO match found for: 
No ELO match found for: 
No ELO match found for: 
No ELO match found for: 
No ELO match found for: 
No ELO match found for: 
No ELO match found for: 
No ELO match found for: 
No ELO match found for: 
No ELO match found for: 
No ELO match found for: 
No ELO match found for: 
No ELO match found for: 
No ELO match found for: 
No ELO match found for: 
No ELO match found for: 
No ELO match found for: 
No ELO match found for: 
No ELO match found for: 
No ELO match found for: 
No ELO match found for: 
No ELO match found for: 
No ELO match found for: 
No ELO match found for: 
No ELO match found for: 
No ELO match found for: 
No ELO match found for: 
No ELO match found for: 
No ELO match found for: 
No ELO match found for: 
No ELO match found for: 
No ELO match found for: 
No ELO match found for: 
No ELO match found for: 
No ELO match found for: 
No ELO match found for: 
No ELO match found for: 
No ELO match found for: 
No ELO match found for: 
No ELO match found for: 
No ELO match found for: 
No ELO match found for: 
No ELO match found for: 
No ELO match found for: 
No ELO match found for: 
No ELO match found for: 
No ELO match found for: 
No ELO match found for: 
No ELO match found for: 
No ELO match found for: 
No ELO match found for: 
No ELO match found for: 
No ELO match found for: 
No ELO match found for: 
No ELO match found for: 
No ELO match found for: 
No ELO match found for: 
Processed startlist with 84 athletes
Creating comprehensive season startlist to ensure all skiers are included
Creating season startlist for Ladies' Slalom in Levi, Finland (Discipline: Slalom)
Most recent season in data: 2026
Found 55 unique skiers from current season 2026
Reading ELO scores from: ~/ski/elo/python/alpine/polars/excel365/ladies_chrono.csv
Successfully read ELO file with pandas: 78729 rows
First quartile value for Elo: 1254.1073314570071
First quartile value for Downhill_Elo: 1257.5535213029661
First quartile value for Super G_Elo: 1250.7467817395404
First quartile value for Giant Slalom_Elo: 1265.3314349509983
First quartile value for Slalom_Elo: 1268.8529181675576
First quartile value for Combined_Elo: 1285.0801923897802
First quartile value for Tech_Elo: 1261.0334923063472
First quartile value for Speed_Elo: 1251.2751842207147
Returning ELO data with 2146 rows and columns: ['ID', 'Skier', 'Nation', 'Elo', 'Downhill_Elo', 'Super G_Elo', 'Giant Slalom_Elo', 'Slalom_Elo', 'Combined_Elo', 'Tech_Elo', 'Speed_Elo']
Created season startlist with 55 athletes
Found 55 skiers from current season not already in the startlist
Added 55 skiers from current season to the startlist
Saving consolidated ladies startlist to ~/ski/elo/python/alpine/polars/excel365/startlist_weekend_ladies.csv
Saved 139 ladies athletes

=== All startlists have been scraped. Running weekly-picks-alpine.R ===
Error running R script: Command '['Rscript', '/root/blog/daehl-e/content/post/alpine/drafts/weekly-picks2.R']' returned non-zero exit status 1.
Error output:
Error in library(dplyr) : there is no package called ‘dplyr’
Execution halted

Reading races.csv...
Successfully read races.csv with 85 rows
Today's date (UTC): 11/15/2025
Unique dates in races.csv: ['10/25/2025' '10/26/2025' '11/15/2025' '11/16/2025' '11/22/2025'
 '11/23/2025' '11/27/2025' '11/28/2025' '11/29/2025' '11/30/2025'
 '12/04/2025' '12/05/2025' '12/06/2025' '12/07/2025' '12/12/2025'
 '12/13/2025' '12/14/2025' '12/16/2025' '12/19/2025' '12/20/2025'
 '12/21/2025' '12/22/2025' '12/27/2025' '12/28/2025' '01/03/2026'
 '01/04/2026' '01/07/2026' '01/10/2026' '01/11/2026' '01/13/2026'
 '01/16/2026' '01/17/2026' '01/18/2026' '01/20/2026' '01/23/2026'
 '01/24/2026' '01/25/2026' '01/27/2026' '01/28/2026' '01/30/2026'
 '01/31/2026' '02/01/2026' '02/07/2026' '02/08/2026' '02/09/2026'
 '02/10/2026' '02/11/2026' '02/12/2026' '02/14/2026' '02/15/2026'
 '02/16/2026' '02/18/2026' '02/28/2026' '03/01/2026' '03/07/2026'
 '03/08/2026' '03/14/2026' '03/15/2026' '03/21/2026' '03/22/2026'
 '03/24/2026' '03/25/2026']
Found 1 races for processing
Processing races for date: 11/15/2025
Found 1 individual races

=== Processing Individual Races ===
Host nation for these races: Finland
Found 0 men's races and 1 ladies' races to process

Processing ladies races...
Total ladies races: 1
All probability columns: ['Race1_Prob']
Processing race 1 with probability column: Race1_Prob
Processing race 1 with ID: 127333
Race details: Ladies' Slalom in Levi, Finland
Event title: Levi (FIN)
Audi FIS Ski World Cup
Race type: Audi FIS Ski World Cup
Processing as individual alpine event...
Found 84 athletes in FIS startlist
Determined discipline: Slalom
Reading ELO scores from: ~/ski/elo/python/alpine/polars/excel365/ladies_chrono.csv
Successfully read ELO file with pandas: 78729 rows
First quartile value for Elo: 1254.1073314570071
First quartile value for Downhill_Elo: 1257.5535213029661
First quartile value for Super G_Elo: 1250.7467817395404
First quartile value for Giant Slalom_Elo: 1265.3314349509983
First quartile value for Slalom_Elo: 1268.8529181675576
First quartile value for Combined_Elo: 1285.0801923897802
First quartile value for Tech_Elo: 1261.0334923063472
First quartile value for Speed_Elo: 1251.2751842207147
Returning ELO data with 2146 rows and columns: ['ID', 'Skier', 'Nation', 'Elo', 'Downhill_Elo', 'Super G_Elo', 'Giant Slalom_Elo', 'Slalom_Elo', 'Combined_Elo', 'Tech_Elo', 'Speed_Elo']

Processing athlete:  (USA)
Error creating race startlist: No module named 'thefuzz'
Failed to create startlist for race 1
No startlist data was generated for ladies

=== All startlists have been scraped. Running weekly-picks-alpine.R ===
Error running R script: Command '['Rscript', '/root/blog/daehl-e/content/post/alpine/drafts/race-picks.R']' returned non-zero exit status 1.
Error output:
Error in library(dplyr) : there is no package called ‘dplyr’
Execution halted

alpine:weekly-picks:true|alpine:race-picks:true
[2025-11-15 13:25:21 GMT] Added prediction: Reading weekends.csv...
[2025-11-15 13:25:21 GMT] --- Completed alpine processing ---
[2025-11-15 13:25:21 GMT] 
[2025-11-15 13:25:21 GMT] --- Starting biathlon processing ---
[2025-11-15 13:25:21 GMT] Processing sport: biathlon -> biathlon
[2025-11-15 13:25:21 GMT] Checking directories for biathlon:
[2025-11-15 13:25:21 GMT]   Excel dir: /root/ski/elo/python/biathlon/polars/excel365 (exists: yes)
[2025-11-15 13:25:21 GMT]   Polars dir: /root/ski/elo/python/biathlon/polars (exists: yes)
[2025-11-15 13:25:21 GMT]   Weekends CSV: /root/ski/elo/python/biathlon/polars/excel365/weekends.csv (exists: yes)
[2025-11-15 13:25:21 GMT]   Races CSV: /root/ski/elo/python/biathlon/polars/excel365/races.csv (exists: yes)
[2025-11-15 13:25:21 GMT] Checking for date 11/15/2025 in /root/ski/elo/python/biathlon/polars/excel365/weekends.csv
[2025-11-15 13:25:21 GMT] ✗ No weekend races found for biathlon on 11/15/2025
[2025-11-15 13:25:21 GMT] Checking for date 11/15/2025 in /root/ski/elo/python/biathlon/polars/excel365/races.csv
[2025-11-15 13:25:21 GMT] ✗ No regular races found for biathlon on 11/15/2025
[2025-11-15 13:25:21 GMT] ✗ biathlon returned no prediction data
[2025-11-15 13:25:21 GMT] --- Completed biathlon processing ---
[2025-11-15 13:25:21 GMT] 
[2025-11-15 13:25:21 GMT] --- Starting nordic-combined processing ---
[2025-11-15 13:25:21 GMT] Processing sport: nordic-combined -> nordic-combined
[2025-11-15 13:25:21 GMT] Checking directories for nordic-combined:
[2025-11-15 13:25:21 GMT]   Excel dir: /root/ski/elo/python/nordic-combined/polars/excel365 (exists: yes)
[2025-11-15 13:25:21 GMT]   Polars dir: /root/ski/elo/python/nordic-combined/polars (exists: yes)
[2025-11-15 13:25:21 GMT]   Weekends CSV: /root/ski/elo/python/nordic-combined/polars/excel365/weekends.csv (exists: yes)
[2025-11-15 13:25:21 GMT]   Races CSV: /root/ski/elo/python/nordic-combined/polars/excel365/races.csv (exists: yes)
[2025-11-15 13:25:21 GMT] Checking for date 11/15/2025 in /root/ski/elo/python/nordic-combined/polars/excel365/weekends.csv
[2025-11-15 13:25:21 GMT] ✗ No weekend races found for nordic-combined on 11/15/2025
[2025-11-15 13:25:21 GMT] Checking for date 11/15/2025 in /root/ski/elo/python/nordic-combined/polars/excel365/races.csv
[2025-11-15 13:25:21 GMT] ✗ No regular races found for nordic-combined on 11/15/2025
[2025-11-15 13:25:21 GMT] ✗ nordic-combined returned no prediction data
[2025-11-15 13:25:21 GMT] --- Completed nordic-combined processing ---
[2025-11-15 13:25:21 GMT] 
[2025-11-15 13:25:21 GMT] --- Starting ski processing ---
[2025-11-15 13:25:21 GMT] Processing sport: ski -> cross-country
[2025-11-15 13:25:21 GMT] Checking directories for ski:
[2025-11-15 13:25:21 GMT]   Excel dir: /root/ski/elo/python/ski/polars/excel365 (exists: yes)
[2025-11-15 13:25:21 GMT]   Polars dir: /root/ski/elo/python/ski/polars (exists: yes)
[2025-11-15 13:25:21 GMT]   Weekends CSV: /root/ski/elo/python/ski/polars/excel365/weekends.csv (exists: yes)
[2025-11-15 13:25:21 GMT]   Races CSV: /root/ski/elo/python/ski/polars/excel365/races.csv (exists: yes)
[2025-11-15 13:25:21 GMT] Checking for date 11/15/2025 in /root/ski/elo/python/ski/polars/excel365/weekends.csv
[2025-11-15 13:25:21 GMT] ✗ No weekend races found for ski on 11/15/2025
[2025-11-15 13:25:21 GMT] Checking for date 11/15/2025 in /root/ski/elo/python/ski/polars/excel365/races.csv
[2025-11-15 13:25:21 GMT] ✗ No regular races found for ski on 11/15/2025
[2025-11-15 13:25:21 GMT] ✗ ski returned no prediction data
[2025-11-15 13:25:21 GMT] --- Completed ski processing ---
[2025-11-15 13:25:21 GMT] 
[2025-11-15 13:25:21 GMT] --- Starting skijump processing ---
[2025-11-15 13:25:21 GMT] Processing sport: skijump -> skijump
[2025-11-15 13:25:21 GMT] Checking directories for skijump:
[2025-11-15 13:25:21 GMT]   Excel dir: /root/ski/elo/python/skijump/polars/excel365 (exists: yes)
[2025-11-15 13:25:21 GMT]   Polars dir: /root/ski/elo/python/skijump/polars (exists: yes)
[2025-11-15 13:25:21 GMT]   Weekends CSV: /root/ski/elo/python/skijump/polars/excel365/weekends.csv (exists: yes)
[2025-11-15 13:25:21 GMT]   Races CSV: /root/ski/elo/python/skijump/polars/excel365/races.csv (exists: yes)
[2025-11-15 13:25:21 GMT] Checking for date 11/15/2025 in /root/ski/elo/python/skijump/polars/excel365/weekends.csv
[2025-11-15 13:25:21 GMT] ✗ No weekend races found for skijump on 11/15/2025
[2025-11-15 13:25:21 GMT] Checking for date 11/15/2025 in /root/ski/elo/python/skijump/polars/excel365/races.csv
[2025-11-15 13:25:21 GMT] ✗ No regular races found for skijump on 11/15/2025
[2025-11-15 13:25:21 GMT] ✗ skijump returned no prediction data
[2025-11-15 13:25:21 GMT] --- Completed skijump processing ---
[2025-11-15 13:25:21 GMT] 
[2025-11-15 13:25:21 GMT] =======================================
[2025-11-15 13:25:21 GMT] Sport processing complete
[2025-11-15 13:25:21 GMT] Sports with predictions: Reading weekends.csv...
[2025-11-15 13:25:21 GMT] =======================================
[2025-11-15 13:25:21 GMT] Creating Hugo posts for predictions
[2025-11-15 13:25:21 GMT] Raw sports_with_predictions: 'Reading weekends.csv...'
[2025-11-15 13:25:21 GMT] Found 1 sport(s) with predictions
[2025-11-15 13:25:21 GMT] Prediction array contents:
[2025-11-15 13:25:21 GMT]   [0]: 'Reading weekends.csv...'
[2025-11-15 13:25:21 GMT] Processing prediction: sport='Reading weekends.csv...', type='', weekend=''
[2025-11-15 13:25:21 GMT] WARNING: Unknown prediction type '' for prediction 'Reading weekends.csv...'
[2025-11-15 13:25:21 GMT] Final weekend predictions: ''
[2025-11-15 13:25:21 GMT] Final race predictions: ''
[2025-11-15 13:25:21 GMT] =======================================
[2025-11-15 13:25:21 GMT] Prediction script completed successfully
[2025-11-15 13:25:21 GMT] =======================================
