[2025-10-26 02:34:46 GMT] =======================================
[2025-10-26 02:34:46 GMT] Starting prediction script for October 26, 2025
[2025-10-26 02:34:46 GMT] =======================================
[2025-10-26 02:34:46 GMT] Date formats:
[2025-10-26 02:34:46 GMT]   MM/DD/YYYY: 10/26/2025
[2025-10-26 02:34:46 GMT]   YYYYMMDD: 20251026
[2025-10-26 02:34:46 GMT]   Display: October 26, 2025
[2025-10-26 02:34:46 GMT] =======================================
[2025-10-26 02:34:46 GMT] Checking base directories:
[2025-10-26 02:34:46 GMT]   BLOG_DIR: /Users/syverjohansen/blog/daehl-e (exists: yes)
[2025-10-26 02:34:46 GMT]   SKI_DIR: /Users/syverjohansen/ski/elo/python (exists: yes)
[2025-10-26 02:34:46 GMT]   CONTENT_DIR: /Users/syverjohansen/blog/daehl-e/content/post (exists: yes)
[2025-10-26 02:34:46 GMT] =======================================
[2025-10-26 02:34:46 GMT] Processing sports for predictions
[2025-10-26 02:34:46 GMT] =======================================
[2025-10-26 02:34:46 GMT] --- Starting alpine processing ---
[2025-10-26 02:34:46 GMT] Processing sport: alpine -> alpine
[2025-10-26 02:34:46 GMT] Checking directories for alpine:
[2025-10-26 02:34:46 GMT]   Excel dir: /Users/syverjohansen/ski/elo/python/alpine/polars/excel365 (exists: yes)
[2025-10-26 02:34:46 GMT]   Polars dir: /Users/syverjohansen/ski/elo/python/alpine/polars (exists: yes)
[2025-10-26 02:34:46 GMT]   Weekends CSV: /Users/syverjohansen/ski/elo/python/alpine/polars/excel365/weekends.csv (exists: yes)
[2025-10-26 02:34:46 GMT]   Races CSV: /Users/syverjohansen/ski/elo/python/alpine/polars/excel365/races.csv (exists: yes)
[2025-10-26 02:34:46 GMT] Checking for date 10/26/2025 in /Users/syverjohansen/ski/elo/python/alpine/polars/excel365/weekends.csv
[2025-10-26 02:34:46 GMT] ✗ No weekend races found for alpine on 10/26/2025
[2025-10-26 02:34:46 GMT] Checking for date 10/26/2025 in /Users/syverjohansen/ski/elo/python/alpine/polars/excel365/races.csv
[2025-10-26 02:34:46 GMT] ✓ Regular races found for alpine on 10/26/2025
[2025-10-26 02:34:46 GMT] Running startlist-scrape-races.py for alpine
[2025-10-26 02:34:46 GMT] Completed startlist-scrape-races.py for alpine
[2025-10-26 02:34:46 GMT] Race source directory not found: /Users/syverjohansen/blog/daehl-e/content/post/alpine/drafts/race-picks/20251026
[2025-10-26 02:34:46 GMT] ✗ alpine returned no prediction data
[2025-10-26 02:34:46 GMT] --- Completed alpine processing ---
[2025-10-26 02:34:46 GMT] 
[2025-10-26 02:34:46 GMT] --- Starting biathlon processing ---
[2025-10-26 02:34:46 GMT] Processing sport: biathlon -> biathlon
[2025-10-26 02:34:46 GMT] Checking directories for biathlon:
[2025-10-26 02:34:46 GMT]   Excel dir: /Users/syverjohansen/ski/elo/python/biathlon/polars/excel365 (exists: yes)
[2025-10-26 02:34:46 GMT]   Polars dir: /Users/syverjohansen/ski/elo/python/biathlon/polars (exists: yes)
[2025-10-26 02:34:46 GMT]   Weekends CSV: /Users/syverjohansen/ski/elo/python/biathlon/polars/excel365/weekends.csv (exists: yes)
[2025-10-26 02:34:46 GMT]   Races CSV: /Users/syverjohansen/ski/elo/python/biathlon/polars/excel365/races.csv (exists: yes)
[2025-10-26 02:34:46 GMT] Checking for date 10/26/2025 in /Users/syverjohansen/ski/elo/python/biathlon/polars/excel365/weekends.csv
[2025-10-26 02:34:46 GMT] ✗ No weekend races found for biathlon on 10/26/2025
[2025-10-26 02:34:46 GMT] Checking for date 10/26/2025 in /Users/syverjohansen/ski/elo/python/biathlon/polars/excel365/races.csv
[2025-10-26 02:34:46 GMT] ✗ No regular races found for biathlon on 10/26/2025
[2025-10-26 02:34:46 GMT] ✗ biathlon returned no prediction data
[2025-10-26 02:34:46 GMT] --- Completed biathlon processing ---
[2025-10-26 02:34:46 GMT] 
[2025-10-26 02:34:46 GMT] --- Starting nordic-combined processing ---
[2025-10-26 02:34:46 GMT] Processing sport: nordic-combined -> nordic-combined
[2025-10-26 02:34:46 GMT] Checking directories for nordic-combined:
[2025-10-26 02:34:46 GMT]   Excel dir: /Users/syverjohansen/ski/elo/python/nordic-combined/polars/excel365 (exists: yes)
[2025-10-26 02:34:46 GMT]   Polars dir: /Users/syverjohansen/ski/elo/python/nordic-combined/polars (exists: yes)
[2025-10-26 02:34:46 GMT]   Weekends CSV: /Users/syverjohansen/ski/elo/python/nordic-combined/polars/excel365/weekends.csv (exists: yes)
[2025-10-26 02:34:46 GMT]   Races CSV: /Users/syverjohansen/ski/elo/python/nordic-combined/polars/excel365/races.csv (exists: yes)
[2025-10-26 02:34:46 GMT] Checking for date 10/26/2025 in /Users/syverjohansen/ski/elo/python/nordic-combined/polars/excel365/weekends.csv
[2025-10-26 02:34:46 GMT] ✗ No weekend races found for nordic-combined on 10/26/2025
[2025-10-26 02:34:46 GMT] Checking for date 10/26/2025 in /Users/syverjohansen/ski/elo/python/nordic-combined/polars/excel365/races.csv
[2025-10-26 02:34:46 GMT] ✗ No regular races found for nordic-combined on 10/26/2025
[2025-10-26 02:34:46 GMT] ✗ nordic-combined returned no prediction data
[2025-10-26 02:34:46 GMT] --- Completed nordic-combined processing ---
[2025-10-26 02:34:46 GMT] 
[2025-10-26 02:34:46 GMT] --- Starting ski processing ---
[2025-10-26 02:34:46 GMT] Processing sport: ski -> cross-country
[2025-10-26 02:34:46 GMT] Checking directories for ski:
[2025-10-26 02:34:46 GMT]   Excel dir: /Users/syverjohansen/ski/elo/python/ski/polars/excel365 (exists: yes)
[2025-10-26 02:34:46 GMT]   Polars dir: /Users/syverjohansen/ski/elo/python/ski/polars (exists: yes)
[2025-10-26 02:34:46 GMT]   Weekends CSV: /Users/syverjohansen/ski/elo/python/ski/polars/excel365/weekends.csv (exists: yes)
[2025-10-26 02:34:46 GMT]   Races CSV: /Users/syverjohansen/ski/elo/python/ski/polars/excel365/races.csv (exists: yes)
[2025-10-26 02:34:46 GMT] Checking for date 10/26/2025 in /Users/syverjohansen/ski/elo/python/ski/polars/excel365/weekends.csv
[2025-10-26 02:34:46 GMT] ✗ No weekend races found for ski on 10/26/2025
[2025-10-26 02:34:46 GMT] Checking for date 10/26/2025 in /Users/syverjohansen/ski/elo/python/ski/polars/excel365/races.csv
[2025-10-26 02:34:46 GMT] ✗ No regular races found for ski on 10/26/2025
[2025-10-26 02:34:46 GMT] ✗ ski returned no prediction data
[2025-10-26 02:34:46 GMT] --- Completed ski processing ---
[2025-10-26 02:34:46 GMT] 
[2025-10-26 02:34:46 GMT] --- Starting skijump processing ---
[2025-10-26 02:34:46 GMT] Processing sport: skijump -> skijump
[2025-10-26 02:34:46 GMT] Checking directories for skijump:
[2025-10-26 02:34:46 GMT]   Excel dir: /Users/syverjohansen/ski/elo/python/skijump/polars/excel365 (exists: yes)
[2025-10-26 02:34:46 GMT]   Polars dir: /Users/syverjohansen/ski/elo/python/skijump/polars (exists: yes)
[2025-10-26 02:34:46 GMT]   Weekends CSV: /Users/syverjohansen/ski/elo/python/skijump/polars/excel365/weekends.csv (exists: yes)
[2025-10-26 02:34:47 GMT]   Races CSV: /Users/syverjohansen/ski/elo/python/skijump/polars/excel365/races.csv (exists: yes)
[2025-10-26 02:34:47 GMT] Checking for date 10/26/2025 in /Users/syverjohansen/ski/elo/python/skijump/polars/excel365/weekends.csv
[2025-10-26 02:34:47 GMT] ✗ No weekend races found for skijump on 10/26/2025
[2025-10-26 02:34:47 GMT] Checking for date 10/26/2025 in /Users/syverjohansen/ski/elo/python/skijump/polars/excel365/races.csv
[2025-10-26 02:34:47 GMT] ✗ No regular races found for skijump on 10/26/2025
[2025-10-26 02:34:47 GMT] ✗ skijump returned no prediction data
[2025-10-26 02:34:47 GMT] --- Completed skijump processing ---
[2025-10-26 02:34:47 GMT] 
[2025-10-26 02:34:47 GMT] =======================================
[2025-10-26 02:34:47 GMT] Sport processing complete
[2025-10-26 02:34:47 GMT] Sports with predictions: 
[2025-10-26 02:34:47 GMT] =======================================
[2025-10-26 02:34:47 GMT] No predictions found for today
[2025-10-26 02:34:47 GMT] =======================================
[2025-10-26 02:34:47 GMT] Prediction script completed successfully
[2025-10-26 02:34:47 GMT] =======================================
