[2025-10-25 12:03:02 GMT] =======================================
[2025-10-25 12:03:02 GMT] Starting prediction script for October 25, 2025
[2025-10-25 12:03:02 GMT] =======================================
[2025-10-25 12:03:02 GMT] Date formats:
[2025-10-25 12:03:02 GMT]   MM/DD/YYYY: 10/25/2025
[2025-10-25 12:03:02 GMT]   YYYYMMDD: 20251025
[2025-10-25 12:03:02 GMT]   Display: October 25, 2025
[2025-10-25 12:03:02 GMT] =======================================
[2025-10-25 12:03:02 GMT] Checking base directories:
[2025-10-25 12:03:02 GMT]   BLOG_DIR: /Users/syverjohansen/blog/daehl-e (exists: yes)
[2025-10-25 12:03:02 GMT]   SKI_DIR: /Users/syverjohansen/ski/elo/python (exists: yes)
[2025-10-25 12:03:02 GMT]   CONTENT_DIR: /Users/syverjohansen/blog/daehl-e/content/post (exists: yes)
[2025-10-25 12:03:02 GMT] =======================================
[2025-10-25 12:03:02 GMT] Processing sports for predictions
[2025-10-25 12:03:02 GMT] =======================================
[2025-10-25 12:03:02 GMT] --- Starting alpine processing ---
[2025-10-25 12:03:02 GMT] Processing sport: alpine -> alpine
[2025-10-25 12:03:02 GMT] Checking directories for alpine:
[2025-10-25 12:03:02 GMT]   Excel dir: /Users/syverjohansen/ski/elo/python/alpine/polars/excel365 (exists: yes)
[2025-10-25 12:03:02 GMT]   Polars dir: /Users/syverjohansen/ski/elo/python/alpine/polars (exists: yes)
[2025-10-25 12:03:02 GMT]   Weekends CSV: /Users/syverjohansen/ski/elo/python/alpine/polars/excel365/weekends.csv (exists: yes)
[2025-10-25 12:03:02 GMT]   Races CSV: /Users/syverjohansen/ski/elo/python/alpine/polars/excel365/races.csv (exists: yes)
[2025-10-25 12:03:02 GMT] Checking for date 10/25/2025 in /Users/syverjohansen/ski/elo/python/alpine/polars/excel365/weekends.csv
[2025-10-25 12:03:02 GMT] ✓ Weekend races found for alpine on 10/25/2025
[2025-10-25 12:03:02 GMT] Running startlist-scrape-weekend.py for alpine
