[2025-03-30 18:15:17 UTC] ===== STARTING RACE PICKS PROCESSING =====
[2025-03-30 18:15:17 UTC] Looking for folder with today's date: 20250330
[2025-03-30 18:15:17 UTC] Found folder for today: /Users/syverjohansen/blog/daehl-e/content/post/cross-country/drafts/race-picks/20250330
[2025-03-30 18:15:17 UTC] Processing Excel file: ladies-points.xlsx
[2025-03-30 18:15:17 UTC] Running: python3 /Users/syverjohansen/blog/daehl-e/static/python/excel_to_hugo_multiple_sheets.py "/Users/syverjohansen/blog/daehl-e/content/post/cross-country/drafts/race-picks/20250330/ladies-points.xlsx" "/Users/syverjohansen/blog/daehl-e/data/cross-country/race-picks/20250330"
Data structure for 'Sheet 1':
- Headers: ['Skier', 'ID', 'Nation']... (total: 7)
- Rows: 46 entries
- First row example: ['Therese Johaug', 4, 'Norway']...
Created JSON file for worksheet 'Sheet 1': /Users/syverjohansen/blog/daehl-e/data/cross-country/race-picks/20250330/ladies-points.json
[2025-03-30 18:15:17 UTC] ✓ Successfully completed: python3 /Users/syverjohansen/blog/daehl-e/static/python/excel_to_hugo_multiple_sheets.py "/Users/syverjohansen/blog/daehl-e/content/post/cross-country/drafts/race-picks/20250330/ladies-points.xlsx" "/Users/syverjohansen/blog/daehl-e/data/cross-country/race-picks/20250330"
[2025-03-30 18:15:17 UTC] Processing Excel file: ladies_position_probabilities.xlsx
[2025-03-30 18:15:17 UTC] Running: python3 /Users/syverjohansen/blog/daehl-e/static/python/excel_to_hugo_multiple_sheets.py "/Users/syverjohansen/blog/daehl-e/content/post/cross-country/drafts/race-picks/20250330/ladies_position_probabilities.xlsx" "/Users/syverjohansen/blog/daehl-e/data/cross-country/race-picks/20250330"
Data structure for 'Ladies Race 1':
- Headers: ['Skier', 'ID', 'Nation']... (total: 10)
- Rows: 46 entries
- First row example: ['Therese Johaug', 4, 'Norway']...
Created JSON file for worksheet 'Ladies Race 1': /Users/syverjohansen/blog/daehl-e/data/cross-country/race-picks/20250330/ladies_position_probabilities.json
[2025-03-30 18:15:18 UTC] ✓ Successfully completed: python3 /Users/syverjohansen/blog/daehl-e/static/python/excel_to_hugo_multiple_sheets.py "/Users/syverjohansen/blog/daehl-e/content/post/cross-country/drafts/race-picks/20250330/ladies_position_probabilities.xlsx" "/Users/syverjohansen/blog/daehl-e/data/cross-country/race-picks/20250330"
[2025-03-30 18:15:18 UTC] Processing Excel file: ladies_relay_points.xlsx
[2025-03-30 18:15:18 UTC] Running: python3 /Users/syverjohansen/blog/daehl-e/static/python/excel_to_hugo_multiple_sheets.py "/Users/syverjohansen/blog/daehl-e/content/post/cross-country/drafts/race-picks/20250330/ladies_relay_points.xlsx" "/Users/syverjohansen/blog/daehl-e/data/cross-country/race-picks/20250330"
Data structure for 'Sheet 1':
- Headers: ['Team_Name', 'Member_1', 'Member_2']... (total: 6)
- Rows: 20 entries
- First row example: ['NORWAY I', 'Heidi Weng', 'Astrid Øyre Slind']...
Created JSON file for worksheet 'Sheet 1': /Users/syverjohansen/blog/daehl-e/data/cross-country/race-picks/20250330/ladies_relay_points.json
[2025-03-30 18:15:18 UTC] ✓ Successfully completed: python3 /Users/syverjohansen/blog/daehl-e/static/python/excel_to_hugo_multiple_sheets.py "/Users/syverjohansen/blog/daehl-e/content/post/cross-country/drafts/race-picks/20250330/ladies_relay_points.xlsx" "/Users/syverjohansen/blog/daehl-e/data/cross-country/race-picks/20250330"
[2025-03-30 18:15:18 UTC] Processing Excel file: ladies_relay_probabilities.xlsx
[2025-03-30 18:15:18 UTC] Running: python3 /Users/syverjohansen/blog/daehl-e/static/python/excel_to_hugo_multiple_sheets.py "/Users/syverjohansen/blog/daehl-e/content/post/cross-country/drafts/race-picks/20250330/ladies_relay_probabilities.xlsx" "/Users/syverjohansen/blog/daehl-e/data/cross-country/race-picks/20250330"
Data structure for 'Sheet 1':
- Headers: ['Team_Name', 'Member_1', 'Member_2']... (total: 9)
- Rows: 20 entries
- First row example: ['SWEDEN I', 'Emma Ribom', 'Frida Karlsson']...
Created JSON file for worksheet 'Sheet 1': /Users/syverjohansen/blog/daehl-e/data/cross-country/race-picks/20250330/ladies_relay_probabilities.json
[2025-03-30 18:15:18 UTC] ✓ Successfully completed: python3 /Users/syverjohansen/blog/daehl-e/static/python/excel_to_hugo_multiple_sheets.py "/Users/syverjohansen/blog/daehl-e/content/post/cross-country/drafts/race-picks/20250330/ladies_relay_probabilities.xlsx" "/Users/syverjohansen/blog/daehl-e/data/cross-country/race-picks/20250330"
[2025-03-30 18:15:18 UTC] Processing Excel file: ladies_team_sprint_points.xlsx
[2025-03-30 18:15:18 UTC] Running: python3 /Users/syverjohansen/blog/daehl-e/static/python/excel_to_hugo_multiple_sheets.py "/Users/syverjohansen/blog/daehl-e/content/post/cross-country/drafts/race-picks/20250330/ladies_team_sprint_points.xlsx" "/Users/syverjohansen/blog/daehl-e/data/cross-country/race-picks/20250330"
Data structure for 'Sheet 1':
- Headers: ['Team_Name', 'Member_1', 'Member_2']... (total: 4)
- Rows: 26 entries
- First row example: ['SWEDEN I', 'Jonna Sundling', 'Maja Dahlqvist']...
Created JSON file for worksheet 'Sheet 1': /Users/syverjohansen/blog/daehl-e/data/cross-country/race-picks/20250330/ladies_team_sprint_points.json
[2025-03-30 18:15:18 UTC] ✓ Successfully completed: python3 /Users/syverjohansen/blog/daehl-e/static/python/excel_to_hugo_multiple_sheets.py "/Users/syverjohansen/blog/daehl-e/content/post/cross-country/drafts/race-picks/20250330/ladies_team_sprint_points.xlsx" "/Users/syverjohansen/blog/daehl-e/data/cross-country/race-picks/20250330"
[2025-03-30 18:15:18 UTC] Processing Excel file: ladies_team_sprint_probabilities.xlsx
[2025-03-30 18:15:18 UTC] Running: python3 /Users/syverjohansen/blog/daehl-e/static/python/excel_to_hugo_multiple_sheets.py "/Users/syverjohansen/blog/daehl-e/content/post/cross-country/drafts/race-picks/20250330/ladies_team_sprint_probabilities.xlsx" "/Users/syverjohansen/blog/daehl-e/data/cross-country/race-picks/20250330"
Data structure for 'Sheet 1':
- Headers: ['Team_Name', 'Member_1', 'Member_2']... (total: 7)
- Rows: 26 entries
- First row example: ['SWEDEN I', 'Jonna Sundling', 'Maja Dahlqvist']...
Created JSON file for worksheet 'Sheet 1': /Users/syverjohansen/blog/daehl-e/data/cross-country/race-picks/20250330/ladies_team_sprint_probabilities.json
[2025-03-30 18:15:19 UTC] ✓ Successfully completed: python3 /Users/syverjohansen/blog/daehl-e/static/python/excel_to_hugo_multiple_sheets.py "/Users/syverjohansen/blog/daehl-e/content/post/cross-country/drafts/race-picks/20250330/ladies_team_sprint_probabilities.xlsx" "/Users/syverjohansen/blog/daehl-e/data/cross-country/race-picks/20250330"
[2025-03-30 18:15:19 UTC] Processing Excel file: men-points.xlsx
[2025-03-30 18:15:19 UTC] Running: python3 /Users/syverjohansen/blog/daehl-e/static/python/excel_to_hugo_multiple_sheets.py "/Users/syverjohansen/blog/daehl-e/content/post/cross-country/drafts/race-picks/20250330/men-points.xlsx" "/Users/syverjohansen/blog/daehl-e/data/cross-country/race-picks/20250330"
Data structure for 'Sheet 1':
- Headers: ['Skier', 'ID', 'Nation']... (total: 7)
- Rows: 75 entries
- First row example: ['Johannes Høsflot Klæbo', 5164, 'Norway']...
Created JSON file for worksheet 'Sheet 1': /Users/syverjohansen/blog/daehl-e/data/cross-country/race-picks/20250330/men-points.json
[2025-03-30 18:15:19 UTC] ✓ Successfully completed: python3 /Users/syverjohansen/blog/daehl-e/static/python/excel_to_hugo_multiple_sheets.py "/Users/syverjohansen/blog/daehl-e/content/post/cross-country/drafts/race-picks/20250330/men-points.xlsx" "/Users/syverjohansen/blog/daehl-e/data/cross-country/race-picks/20250330"
[2025-03-30 18:15:19 UTC] Processing Excel file: men_position_probabilities.xlsx
[2025-03-30 18:15:19 UTC] Running: python3 /Users/syverjohansen/blog/daehl-e/static/python/excel_to_hugo_multiple_sheets.py "/Users/syverjohansen/blog/daehl-e/content/post/cross-country/drafts/race-picks/20250330/men_position_probabilities.xlsx" "/Users/syverjohansen/blog/daehl-e/data/cross-country/race-picks/20250330"
Data structure for 'Men Race 1':
- Headers: ['Skier', 'ID', 'Nation']... (total: 10)
- Rows: 75 entries
- First row example: ['Johannes Høsflot Klæbo', 5164, 'Norway']...
Created JSON file for worksheet 'Men Race 1': /Users/syverjohansen/blog/daehl-e/data/cross-country/race-picks/20250330/men_position_probabilities.json
[2025-03-30 18:15:19 UTC] ✓ Successfully completed: python3 /Users/syverjohansen/blog/daehl-e/static/python/excel_to_hugo_multiple_sheets.py "/Users/syverjohansen/blog/daehl-e/content/post/cross-country/drafts/race-picks/20250330/men_position_probabilities.xlsx" "/Users/syverjohansen/blog/daehl-e/data/cross-country/race-picks/20250330"
[2025-03-30 18:15:19 UTC] Processing Excel file: men_relay_points.xlsx
[2025-03-30 18:15:19 UTC] Running: python3 /Users/syverjohansen/blog/daehl-e/static/python/excel_to_hugo_multiple_sheets.py "/Users/syverjohansen/blog/daehl-e/content/post/cross-country/drafts/race-picks/20250330/men_relay_points.xlsx" "/Users/syverjohansen/blog/daehl-e/data/cross-country/race-picks/20250330"
Data structure for 'Sheet 1':
- Headers: ['Team_Name', 'Member_1', 'Member_2']... (total: 6)
- Rows: 24 entries
- First row example: ['NORWAY I', 'Erik Valnes', 'Martin Løwstrøm Nyenget']...
Created JSON file for worksheet 'Sheet 1': /Users/syverjohansen/blog/daehl-e/data/cross-country/race-picks/20250330/men_relay_points.json
[2025-03-30 18:15:19 UTC] ✓ Successfully completed: python3 /Users/syverjohansen/blog/daehl-e/static/python/excel_to_hugo_multiple_sheets.py "/Users/syverjohansen/blog/daehl-e/content/post/cross-country/drafts/race-picks/20250330/men_relay_points.xlsx" "/Users/syverjohansen/blog/daehl-e/data/cross-country/race-picks/20250330"
[2025-03-30 18:15:19 UTC] Processing Excel file: men_relay_probabilities.xlsx
[2025-03-30 18:15:19 UTC] Running: python3 /Users/syverjohansen/blog/daehl-e/static/python/excel_to_hugo_multiple_sheets.py "/Users/syverjohansen/blog/daehl-e/content/post/cross-country/drafts/race-picks/20250330/men_relay_probabilities.xlsx" "/Users/syverjohansen/blog/daehl-e/data/cross-country/race-picks/20250330"
Data structure for 'Sheet 1':
- Headers: ['Team_Name', 'Member_1', 'Member_2']... (total: 9)
- Rows: 24 entries
- First row example: ['NORWAY I', 'Erik Valnes', 'Martin Løwstrøm Nyenget']...
Created JSON file for worksheet 'Sheet 1': /Users/syverjohansen/blog/daehl-e/data/cross-country/race-picks/20250330/men_relay_probabilities.json
[2025-03-30 18:15:20 UTC] ✓ Successfully completed: python3 /Users/syverjohansen/blog/daehl-e/static/python/excel_to_hugo_multiple_sheets.py "/Users/syverjohansen/blog/daehl-e/content/post/cross-country/drafts/race-picks/20250330/men_relay_probabilities.xlsx" "/Users/syverjohansen/blog/daehl-e/data/cross-country/race-picks/20250330"
[2025-03-30 18:15:20 UTC] Processing Excel file: men_team_sprint_points.xlsx
[2025-03-30 18:15:20 UTC] Running: python3 /Users/syverjohansen/blog/daehl-e/static/python/excel_to_hugo_multiple_sheets.py "/Users/syverjohansen/blog/daehl-e/content/post/cross-country/drafts/race-picks/20250330/men_team_sprint_points.xlsx" "/Users/syverjohansen/blog/daehl-e/data/cross-country/race-picks/20250330"
Data structure for 'Sheet 1':
- Headers: ['Team_Name', 'Member_1', 'Member_2']... (total: 4)
- Rows: 31 entries
- First row example: ['NORWAY I', 'Erik Valnes', 'Johannes Høsflot Klæbo']...
Created JSON file for worksheet 'Sheet 1': /Users/syverjohansen/blog/daehl-e/data/cross-country/race-picks/20250330/men_team_sprint_points.json
[2025-03-30 18:15:20 UTC] ✓ Successfully completed: python3 /Users/syverjohansen/blog/daehl-e/static/python/excel_to_hugo_multiple_sheets.py "/Users/syverjohansen/blog/daehl-e/content/post/cross-country/drafts/race-picks/20250330/men_team_sprint_points.xlsx" "/Users/syverjohansen/blog/daehl-e/data/cross-country/race-picks/20250330"
[2025-03-30 18:15:20 UTC] Processing Excel file: men_team_sprint_probabilities.xlsx
[2025-03-30 18:15:20 UTC] Running: python3 /Users/syverjohansen/blog/daehl-e/static/python/excel_to_hugo_multiple_sheets.py "/Users/syverjohansen/blog/daehl-e/content/post/cross-country/drafts/race-picks/20250330/men_team_sprint_probabilities.xlsx" "/Users/syverjohansen/blog/daehl-e/data/cross-country/race-picks/20250330"
Data structure for 'Sheet 1':
- Headers: ['Team_Name', 'Member_1', 'Member_2']... (total: 7)
- Rows: 31 entries
- First row example: ['NORWAY I', 'Erik Valnes', 'Johannes Høsflot Klæbo']...
Created JSON file for worksheet 'Sheet 1': /Users/syverjohansen/blog/daehl-e/data/cross-country/race-picks/20250330/men_team_sprint_probabilities.json
[2025-03-30 18:15:20 UTC] ✓ Successfully completed: python3 /Users/syverjohansen/blog/daehl-e/static/python/excel_to_hugo_multiple_sheets.py "/Users/syverjohansen/blog/daehl-e/content/post/cross-country/drafts/race-picks/20250330/men_team_sprint_probabilities.xlsx" "/Users/syverjohansen/blog/daehl-e/data/cross-country/race-picks/20250330"
[2025-03-30 18:15:20 UTC] Processing Excel file: mixed_relay_points.xlsx
[2025-03-30 18:15:20 UTC] Running: python3 /Users/syverjohansen/blog/daehl-e/static/python/excel_to_hugo_multiple_sheets.py "/Users/syverjohansen/blog/daehl-e/content/post/cross-country/drafts/race-picks/20250330/mixed_relay_points.xlsx" "/Users/syverjohansen/blog/daehl-e/data/cross-country/race-picks/20250330"
Data structure for 'Sheet 1':
- Headers: ['Team_Name', 'Member_1', 'Member_2']... (total: 6)
- Rows: 19 entries
- First row example: ['NORWAY I', 'Pål Golberg', 'Nora Sanness']...
Created JSON file for worksheet 'Sheet 1': /Users/syverjohansen/blog/daehl-e/data/cross-country/race-picks/20250330/mixed_relay_points.json
[2025-03-30 18:15:20 UTC] ✓ Successfully completed: python3 /Users/syverjohansen/blog/daehl-e/static/python/excel_to_hugo_multiple_sheets.py "/Users/syverjohansen/blog/daehl-e/content/post/cross-country/drafts/race-picks/20250330/mixed_relay_points.xlsx" "/Users/syverjohansen/blog/daehl-e/data/cross-country/race-picks/20250330"
[2025-03-30 18:15:20 UTC] Processing Excel file: mixed_relay_probabilities.xlsx
[2025-03-30 18:15:20 UTC] Running: python3 /Users/syverjohansen/blog/daehl-e/static/python/excel_to_hugo_multiple_sheets.py "/Users/syverjohansen/blog/daehl-e/content/post/cross-country/drafts/race-picks/20250330/mixed_relay_probabilities.xlsx" "/Users/syverjohansen/blog/daehl-e/data/cross-country/race-picks/20250330"
Data structure for 'Sheet 1':
- Headers: ['Team_Name', 'Member_1', 'Member_2']... (total: 9)
- Rows: 19 entries
- First row example: ['SWEDEN I', 'Jens Burman', 'Emma Ribom']...
Created JSON file for worksheet 'Sheet 1': /Users/syverjohansen/blog/daehl-e/data/cross-country/race-picks/20250330/mixed_relay_probabilities.json
[2025-03-30 18:15:21 UTC] ✓ Successfully completed: python3 /Users/syverjohansen/blog/daehl-e/static/python/excel_to_hugo_multiple_sheets.py "/Users/syverjohansen/blog/daehl-e/content/post/cross-country/drafts/race-picks/20250330/mixed_relay_probabilities.xlsx" "/Users/syverjohansen/blog/daehl-e/data/cross-country/race-picks/20250330"
[2025-03-30 18:15:21 UTC] Creating markdown file: /Users/syverjohansen/blog/daehl-e/content/post/race-picks/20250330.md
[2025-03-30 18:16:03 UTC] ===== STARTING RACE PICKS PROCESSING =====
[2025-03-30 18:16:03 UTC] Looking for folder with today's date: 20250330
[2025-03-30 18:16:03 UTC] Found folder for today: /Users/syverjohansen/blog/daehl-e/content/post/cross-country/drafts/race-picks/20250330
[2025-03-30 18:16:03 UTC] Processing Excel file: ladies-points.xlsx
[2025-03-30 18:16:03 UTC] Running: python3 /Users/syverjohansen/blog/daehl-e/static/python/excel_to_hugo_multiple_sheets.py "/Users/syverjohansen/blog/daehl-e/content/post/cross-country/drafts/race-picks/20250330/ladies-points.xlsx" "/Users/syverjohansen/blog/daehl-e/data/cross-country/race-picks/20250330"
Data structure for 'Sheet 1':
- Headers: ['Skier', 'ID', 'Nation']... (total: 7)
- Rows: 46 entries
- First row example: ['Therese Johaug', 4, 'Norway']...
Created JSON file for worksheet 'Sheet 1': /Users/syverjohansen/blog/daehl-e/data/cross-country/race-picks/20250330/ladies-points.json
[2025-03-30 18:16:03 UTC] ✓ Successfully completed: python3 /Users/syverjohansen/blog/daehl-e/static/python/excel_to_hugo_multiple_sheets.py "/Users/syverjohansen/blog/daehl-e/content/post/cross-country/drafts/race-picks/20250330/ladies-points.xlsx" "/Users/syverjohansen/blog/daehl-e/data/cross-country/race-picks/20250330"
[2025-03-30 18:16:03 UTC] Processing Excel file: ladies_position_probabilities.xlsx
[2025-03-30 18:16:03 UTC] Running: python3 /Users/syverjohansen/blog/daehl-e/static/python/excel_to_hugo_multiple_sheets.py "/Users/syverjohansen/blog/daehl-e/content/post/cross-country/drafts/race-picks/20250330/ladies_position_probabilities.xlsx" "/Users/syverjohansen/blog/daehl-e/data/cross-country/race-picks/20250330"
Data structure for 'Ladies Race 1':
- Headers: ['Skier', 'ID', 'Nation']... (total: 10)
- Rows: 46 entries
- First row example: ['Therese Johaug', 4, 'Norway']...
Created JSON file for worksheet 'Ladies Race 1': /Users/syverjohansen/blog/daehl-e/data/cross-country/race-picks/20250330/ladies_position_probabilities.json
[2025-03-30 18:16:03 UTC] ✓ Successfully completed: python3 /Users/syverjohansen/blog/daehl-e/static/python/excel_to_hugo_multiple_sheets.py "/Users/syverjohansen/blog/daehl-e/content/post/cross-country/drafts/race-picks/20250330/ladies_position_probabilities.xlsx" "/Users/syverjohansen/blog/daehl-e/data/cross-country/race-picks/20250330"
[2025-03-30 18:16:03 UTC] Processing Excel file: ladies_relay_points.xlsx
[2025-03-30 18:16:03 UTC] Running: python3 /Users/syverjohansen/blog/daehl-e/static/python/excel_to_hugo_multiple_sheets.py "/Users/syverjohansen/blog/daehl-e/content/post/cross-country/drafts/race-picks/20250330/ladies_relay_points.xlsx" "/Users/syverjohansen/blog/daehl-e/data/cross-country/race-picks/20250330"
Data structure for 'Sheet 1':
- Headers: ['Team_Name', 'Member_1', 'Member_2']... (total: 6)
- Rows: 20 entries
- First row example: ['NORWAY I', 'Heidi Weng', 'Astrid Øyre Slind']...
Created JSON file for worksheet 'Sheet 1': /Users/syverjohansen/blog/daehl-e/data/cross-country/race-picks/20250330/ladies_relay_points.json
[2025-03-30 18:16:04 UTC] ✓ Successfully completed: python3 /Users/syverjohansen/blog/daehl-e/static/python/excel_to_hugo_multiple_sheets.py "/Users/syverjohansen/blog/daehl-e/content/post/cross-country/drafts/race-picks/20250330/ladies_relay_points.xlsx" "/Users/syverjohansen/blog/daehl-e/data/cross-country/race-picks/20250330"
[2025-03-30 18:16:04 UTC] Processing Excel file: ladies_relay_probabilities.xlsx
[2025-03-30 18:16:04 UTC] Running: python3 /Users/syverjohansen/blog/daehl-e/static/python/excel_to_hugo_multiple_sheets.py "/Users/syverjohansen/blog/daehl-e/content/post/cross-country/drafts/race-picks/20250330/ladies_relay_probabilities.xlsx" "/Users/syverjohansen/blog/daehl-e/data/cross-country/race-picks/20250330"
Data structure for 'Sheet 1':
- Headers: ['Team_Name', 'Member_1', 'Member_2']... (total: 9)
- Rows: 20 entries
- First row example: ['SWEDEN I', 'Emma Ribom', 'Frida Karlsson']...
Created JSON file for worksheet 'Sheet 1': /Users/syverjohansen/blog/daehl-e/data/cross-country/race-picks/20250330/ladies_relay_probabilities.json
[2025-03-30 18:16:04 UTC] ✓ Successfully completed: python3 /Users/syverjohansen/blog/daehl-e/static/python/excel_to_hugo_multiple_sheets.py "/Users/syverjohansen/blog/daehl-e/content/post/cross-country/drafts/race-picks/20250330/ladies_relay_probabilities.xlsx" "/Users/syverjohansen/blog/daehl-e/data/cross-country/race-picks/20250330"
[2025-03-30 18:16:04 UTC] Processing Excel file: ladies_team_sprint_points.xlsx
[2025-03-30 18:16:04 UTC] Running: python3 /Users/syverjohansen/blog/daehl-e/static/python/excel_to_hugo_multiple_sheets.py "/Users/syverjohansen/blog/daehl-e/content/post/cross-country/drafts/race-picks/20250330/ladies_team_sprint_points.xlsx" "/Users/syverjohansen/blog/daehl-e/data/cross-country/race-picks/20250330"
Data structure for 'Sheet 1':
- Headers: ['Team_Name', 'Member_1', 'Member_2']... (total: 4)
- Rows: 26 entries
- First row example: ['SWEDEN I', 'Jonna Sundling', 'Maja Dahlqvist']...
Created JSON file for worksheet 'Sheet 1': /Users/syverjohansen/blog/daehl-e/data/cross-country/race-picks/20250330/ladies_team_sprint_points.json
[2025-03-30 18:16:04 UTC] ✓ Successfully completed: python3 /Users/syverjohansen/blog/daehl-e/static/python/excel_to_hugo_multiple_sheets.py "/Users/syverjohansen/blog/daehl-e/content/post/cross-country/drafts/race-picks/20250330/ladies_team_sprint_points.xlsx" "/Users/syverjohansen/blog/daehl-e/data/cross-country/race-picks/20250330"
[2025-03-30 18:16:04 UTC] Processing Excel file: ladies_team_sprint_probabilities.xlsx
[2025-03-30 18:16:04 UTC] Running: python3 /Users/syverjohansen/blog/daehl-e/static/python/excel_to_hugo_multiple_sheets.py "/Users/syverjohansen/blog/daehl-e/content/post/cross-country/drafts/race-picks/20250330/ladies_team_sprint_probabilities.xlsx" "/Users/syverjohansen/blog/daehl-e/data/cross-country/race-picks/20250330"
Data structure for 'Sheet 1':
- Headers: ['Team_Name', 'Member_1', 'Member_2']... (total: 7)
- Rows: 26 entries
- First row example: ['SWEDEN I', 'Jonna Sundling', 'Maja Dahlqvist']...
Created JSON file for worksheet 'Sheet 1': /Users/syverjohansen/blog/daehl-e/data/cross-country/race-picks/20250330/ladies_team_sprint_probabilities.json
[2025-03-30 18:16:04 UTC] ✓ Successfully completed: python3 /Users/syverjohansen/blog/daehl-e/static/python/excel_to_hugo_multiple_sheets.py "/Users/syverjohansen/blog/daehl-e/content/post/cross-country/drafts/race-picks/20250330/ladies_team_sprint_probabilities.xlsx" "/Users/syverjohansen/blog/daehl-e/data/cross-country/race-picks/20250330"
[2025-03-30 18:16:04 UTC] Processing Excel file: men-points.xlsx
[2025-03-30 18:16:04 UTC] Running: python3 /Users/syverjohansen/blog/daehl-e/static/python/excel_to_hugo_multiple_sheets.py "/Users/syverjohansen/blog/daehl-e/content/post/cross-country/drafts/race-picks/20250330/men-points.xlsx" "/Users/syverjohansen/blog/daehl-e/data/cross-country/race-picks/20250330"
Data structure for 'Sheet 1':
- Headers: ['Skier', 'ID', 'Nation']... (total: 7)
- Rows: 75 entries
- First row example: ['Johannes Høsflot Klæbo', 5164, 'Norway']...
Created JSON file for worksheet 'Sheet 1': /Users/syverjohansen/blog/daehl-e/data/cross-country/race-picks/20250330/men-points.json
[2025-03-30 18:16:05 UTC] ✓ Successfully completed: python3 /Users/syverjohansen/blog/daehl-e/static/python/excel_to_hugo_multiple_sheets.py "/Users/syverjohansen/blog/daehl-e/content/post/cross-country/drafts/race-picks/20250330/men-points.xlsx" "/Users/syverjohansen/blog/daehl-e/data/cross-country/race-picks/20250330"
[2025-03-30 18:16:05 UTC] Processing Excel file: men_position_probabilities.xlsx
[2025-03-30 18:16:05 UTC] Running: python3 /Users/syverjohansen/blog/daehl-e/static/python/excel_to_hugo_multiple_sheets.py "/Users/syverjohansen/blog/daehl-e/content/post/cross-country/drafts/race-picks/20250330/men_position_probabilities.xlsx" "/Users/syverjohansen/blog/daehl-e/data/cross-country/race-picks/20250330"
Data structure for 'Men Race 1':
- Headers: ['Skier', 'ID', 'Nation']... (total: 10)
- Rows: 75 entries
- First row example: ['Johannes Høsflot Klæbo', 5164, 'Norway']...
Created JSON file for worksheet 'Men Race 1': /Users/syverjohansen/blog/daehl-e/data/cross-country/race-picks/20250330/men_position_probabilities.json
[2025-03-30 18:16:05 UTC] ✓ Successfully completed: python3 /Users/syverjohansen/blog/daehl-e/static/python/excel_to_hugo_multiple_sheets.py "/Users/syverjohansen/blog/daehl-e/content/post/cross-country/drafts/race-picks/20250330/men_position_probabilities.xlsx" "/Users/syverjohansen/blog/daehl-e/data/cross-country/race-picks/20250330"
[2025-03-30 18:16:05 UTC] Processing Excel file: men_relay_points.xlsx
[2025-03-30 18:16:05 UTC] Running: python3 /Users/syverjohansen/blog/daehl-e/static/python/excel_to_hugo_multiple_sheets.py "/Users/syverjohansen/blog/daehl-e/content/post/cross-country/drafts/race-picks/20250330/men_relay_points.xlsx" "/Users/syverjohansen/blog/daehl-e/data/cross-country/race-picks/20250330"
Data structure for 'Sheet 1':
- Headers: ['Team_Name', 'Member_1', 'Member_2']... (total: 6)
- Rows: 24 entries
- First row example: ['NORWAY I', 'Erik Valnes', 'Martin Løwstrøm Nyenget']...
Created JSON file for worksheet 'Sheet 1': /Users/syverjohansen/blog/daehl-e/data/cross-country/race-picks/20250330/men_relay_points.json
[2025-03-30 18:16:05 UTC] ✓ Successfully completed: python3 /Users/syverjohansen/blog/daehl-e/static/python/excel_to_hugo_multiple_sheets.py "/Users/syverjohansen/blog/daehl-e/content/post/cross-country/drafts/race-picks/20250330/men_relay_points.xlsx" "/Users/syverjohansen/blog/daehl-e/data/cross-country/race-picks/20250330"
[2025-03-30 18:16:05 UTC] Processing Excel file: men_relay_probabilities.xlsx
[2025-03-30 18:16:05 UTC] Running: python3 /Users/syverjohansen/blog/daehl-e/static/python/excel_to_hugo_multiple_sheets.py "/Users/syverjohansen/blog/daehl-e/content/post/cross-country/drafts/race-picks/20250330/men_relay_probabilities.xlsx" "/Users/syverjohansen/blog/daehl-e/data/cross-country/race-picks/20250330"
Data structure for 'Sheet 1':
- Headers: ['Team_Name', 'Member_1', 'Member_2']... (total: 9)
- Rows: 24 entries
- First row example: ['NORWAY I', 'Erik Valnes', 'Martin Løwstrøm Nyenget']...
Created JSON file for worksheet 'Sheet 1': /Users/syverjohansen/blog/daehl-e/data/cross-country/race-picks/20250330/men_relay_probabilities.json
[2025-03-30 18:16:05 UTC] ✓ Successfully completed: python3 /Users/syverjohansen/blog/daehl-e/static/python/excel_to_hugo_multiple_sheets.py "/Users/syverjohansen/blog/daehl-e/content/post/cross-country/drafts/race-picks/20250330/men_relay_probabilities.xlsx" "/Users/syverjohansen/blog/daehl-e/data/cross-country/race-picks/20250330"
[2025-03-30 18:16:05 UTC] Processing Excel file: men_team_sprint_points.xlsx
[2025-03-30 18:16:05 UTC] Running: python3 /Users/syverjohansen/blog/daehl-e/static/python/excel_to_hugo_multiple_sheets.py "/Users/syverjohansen/blog/daehl-e/content/post/cross-country/drafts/race-picks/20250330/men_team_sprint_points.xlsx" "/Users/syverjohansen/blog/daehl-e/data/cross-country/race-picks/20250330"
Data structure for 'Sheet 1':
- Headers: ['Team_Name', 'Member_1', 'Member_2']... (total: 4)
- Rows: 31 entries
- First row example: ['NORWAY I', 'Erik Valnes', 'Johannes Høsflot Klæbo']...
Created JSON file for worksheet 'Sheet 1': /Users/syverjohansen/blog/daehl-e/data/cross-country/race-picks/20250330/men_team_sprint_points.json
[2025-03-30 18:16:06 UTC] ✓ Successfully completed: python3 /Users/syverjohansen/blog/daehl-e/static/python/excel_to_hugo_multiple_sheets.py "/Users/syverjohansen/blog/daehl-e/content/post/cross-country/drafts/race-picks/20250330/men_team_sprint_points.xlsx" "/Users/syverjohansen/blog/daehl-e/data/cross-country/race-picks/20250330"
[2025-03-30 18:16:06 UTC] Processing Excel file: men_team_sprint_probabilities.xlsx
[2025-03-30 18:16:06 UTC] Running: python3 /Users/syverjohansen/blog/daehl-e/static/python/excel_to_hugo_multiple_sheets.py "/Users/syverjohansen/blog/daehl-e/content/post/cross-country/drafts/race-picks/20250330/men_team_sprint_probabilities.xlsx" "/Users/syverjohansen/blog/daehl-e/data/cross-country/race-picks/20250330"
Data structure for 'Sheet 1':
- Headers: ['Team_Name', 'Member_1', 'Member_2']... (total: 7)
- Rows: 31 entries
- First row example: ['NORWAY I', 'Erik Valnes', 'Johannes Høsflot Klæbo']...
Created JSON file for worksheet 'Sheet 1': /Users/syverjohansen/blog/daehl-e/data/cross-country/race-picks/20250330/men_team_sprint_probabilities.json
[2025-03-30 18:16:06 UTC] ✓ Successfully completed: python3 /Users/syverjohansen/blog/daehl-e/static/python/excel_to_hugo_multiple_sheets.py "/Users/syverjohansen/blog/daehl-e/content/post/cross-country/drafts/race-picks/20250330/men_team_sprint_probabilities.xlsx" "/Users/syverjohansen/blog/daehl-e/data/cross-country/race-picks/20250330"
[2025-03-30 18:16:06 UTC] Processing Excel file: mixed_relay_points.xlsx
[2025-03-30 18:16:06 UTC] Running: python3 /Users/syverjohansen/blog/daehl-e/static/python/excel_to_hugo_multiple_sheets.py "/Users/syverjohansen/blog/daehl-e/content/post/cross-country/drafts/race-picks/20250330/mixed_relay_points.xlsx" "/Users/syverjohansen/blog/daehl-e/data/cross-country/race-picks/20250330"
Data structure for 'Sheet 1':
- Headers: ['Team_Name', 'Member_1', 'Member_2']... (total: 6)
- Rows: 19 entries
- First row example: ['NORWAY I', 'Pål Golberg', 'Nora Sanness']...
Created JSON file for worksheet 'Sheet 1': /Users/syverjohansen/blog/daehl-e/data/cross-country/race-picks/20250330/mixed_relay_points.json
[2025-03-30 18:16:06 UTC] ✓ Successfully completed: python3 /Users/syverjohansen/blog/daehl-e/static/python/excel_to_hugo_multiple_sheets.py "/Users/syverjohansen/blog/daehl-e/content/post/cross-country/drafts/race-picks/20250330/mixed_relay_points.xlsx" "/Users/syverjohansen/blog/daehl-e/data/cross-country/race-picks/20250330"
[2025-03-30 18:16:06 UTC] Processing Excel file: mixed_relay_probabilities.xlsx
[2025-03-30 18:16:06 UTC] Running: python3 /Users/syverjohansen/blog/daehl-e/static/python/excel_to_hugo_multiple_sheets.py "/Users/syverjohansen/blog/daehl-e/content/post/cross-country/drafts/race-picks/20250330/mixed_relay_probabilities.xlsx" "/Users/syverjohansen/blog/daehl-e/data/cross-country/race-picks/20250330"
Data structure for 'Sheet 1':
- Headers: ['Team_Name', 'Member_1', 'Member_2']... (total: 9)
- Rows: 19 entries
- First row example: ['SWEDEN I', 'Jens Burman', 'Emma Ribom']...
Created JSON file for worksheet 'Sheet 1': /Users/syverjohansen/blog/daehl-e/data/cross-country/race-picks/20250330/mixed_relay_probabilities.json
[2025-03-30 18:16:06 UTC] ✓ Successfully completed: python3 /Users/syverjohansen/blog/daehl-e/static/python/excel_to_hugo_multiple_sheets.py "/Users/syverjohansen/blog/daehl-e/content/post/cross-country/drafts/race-picks/20250330/mixed_relay_probabilities.xlsx" "/Users/syverjohansen/blog/daehl-e/data/cross-country/race-picks/20250330"
[2025-03-30 18:16:06 UTC] Creating markdown file: /Users/syverjohansen/blog/daehl-e/content/post/race-picks/20250330.md
[2025-03-30 18:16:06 UTC] Added section for ladies-points with title: Ladies-points
[2025-03-30 18:16:06 UTC] Added section for ladies_position_probabilities with title: Ladies Position Probabilities
[2025-03-30 18:16:06 UTC] Added section for ladies_relay_points with title: Ladies Relay Points
[2025-03-30 18:16:06 UTC] Added section for ladies_relay_probabilities with title: Ladies Relay Probabilities
[2025-03-30 18:16:06 UTC] Added section for ladies_team_sprint_points with title: Ladies Team Sprint Points
[2025-03-30 18:16:06 UTC] Added section for ladies_team_sprint_probabilities with title: Ladies Team Sprint Probabilities
[2025-03-30 18:16:07 UTC] Added section for men-points with title: Men-points
[2025-03-30 18:16:07 UTC] Added section for men_position_probabilities with title: Men Position Probabilities
[2025-03-30 18:16:07 UTC] Added section for men_relay_points with title: Men Relay Points
[2025-03-30 18:16:07 UTC] Added section for men_relay_probabilities with title: Men Relay Probabilities
[2025-03-30 18:16:07 UTC] Added section for men_team_sprint_points with title: Men Team Sprint Points
[2025-03-30 18:16:07 UTC] Added section for men_team_sprint_probabilities with title: Men Team Sprint Probabilities
[2025-03-30 18:16:07 UTC] Added section for mixed_relay_points with title: Mixed Relay Points
[2025-03-30 18:16:07 UTC] Added section for mixed_relay_probabilities with title: Mixed Relay Probabilities
[2025-03-30 18:16:07 UTC] Markdown file created successfully: /Users/syverjohansen/blog/daehl-e/content/post/race-picks/20250330.md
[2025-03-30 18:16:07 UTC] ===== RACE PICKS PROCESSING COMPLETED =====
