[2025-10-27 21:32:42 UTC] =======================================
[2025-10-27 21:32:42 UTC] Starting weekly recap script
[2025-10-27 21:32:42 UTC] =======================================
[2025-10-27 21:32:42 UTC] Date information (UTC):
[2025-10-27 21:32:42 UTC]   Today: 2025-10-27 (10/27/2025)
[2025-10-27 21:32:42 UTC]   Yesterday: 2025-10-26 (10/26/2025)
[2025-10-27 21:32:42 UTC]   7 days ago: 2025-10-20 (10/20/2025)
[2025-10-27 21:32:42 UTC]   Today YYYYMMDD: 20251027
[2025-10-27 21:32:42 UTC] =======================================
[2025-10-27 21:32:42 UTC] Checking base directories:
[2025-10-27 21:32:42 UTC]   BLOG_DIR: /Users/syverjohansen/blog/daehl-e (exists: yes)
[2025-10-27 21:32:42 UTC]   SKI_DIR: /Users/syverjohansen/ski/elo/python (exists: yes)
[2025-10-27 21:32:42 UTC]   CONTENT_DIR: /Users/syverjohansen/blog/daehl-e/content/post (exists: yes)
[2025-10-27 21:32:42 UTC] =======================================
[2025-10-27 21:32:42 UTC] Processing sports for weekly recaps
[2025-10-27 21:32:42 UTC] =======================================
[2025-10-27 21:32:42 UTC] --- Starting alpine processing ---
[2025-10-27 21:32:42 UTC] Processing sport recap: alpine -> alpine
[2025-10-27 21:32:42 UTC] Checking files for alpine:
[2025-10-27 21:32:42 UTC]   Standings script: /Users/syverjohansen/ski/elo/python/alpine/polars/standings_scrape.py (exists: yes)
[2025-10-27 21:32:42 UTC]   Races CSV: /Users/syverjohansen/ski/elo/python/alpine/polars/excel365/races.csv (exists: yes)
[2025-10-27 21:32:42 UTC]   Recap R script: /Users/syverjohansen/blog/daehl-e/content/post/alpine/drafts/race-recap2.R (exists: yes)
[2025-10-27 21:32:42 UTC] Running standings_scrape.py for alpine
[2025-10-27 21:32:43 UTC] ✓ Successfully ran standings_scrape.py for alpine
[2025-10-27 21:32:43 UTC] Checking for races in last 7 days in /Users/syverjohansen/ski/elo/python/alpine/polars/excel365/races.csv
[2025-10-27 21:32:43 UTC] Checking dates: 10/20/2025 10/21/2025 10/22/2025 10/23/2025 10/24/2025 10/25/2025 10/26/2025
[2025-10-27 21:32:43 UTC] ✓ Races found in last 7 days for alpine
[2025-10-27 21:32:43 UTC] Running race-recap2.R for alpine
[2025-10-27 21:36:47 UTC] ✓ Successfully ran race-recap2.R for alpine
[2025-10-27 21:36:47 UTC] Processing weekly recap Excel files in /Users/syverjohansen/blog/daehl-e/content/post/alpine/drafts/weekly-recap/20251027
[2025-10-27 21:36:47 UTC] Processing Excel file: men_elo_change.xlsx
[2025-10-27 21:36:48 UTC] ✓ Successfully processed men_elo_change.xlsx
[2025-10-27 21:36:48 UTC] Processing Excel file: men_standings_predictions.xlsx
[2025-10-27 21:36:48 UTC] ✓ Successfully processed men_standings_predictions.xlsx
[2025-10-27 21:36:48 UTC] Processing Excel file: men_magic_numbers.xlsx
[2025-10-27 21:36:49 UTC] ✓ Successfully processed men_magic_numbers.xlsx
[2025-10-27 21:36:49 UTC] Processing Excel file: ladies_elo_change.xlsx
[2025-10-27 21:36:49 UTC] ✓ Successfully processed ladies_elo_change.xlsx
[2025-10-27 21:36:49 UTC] Processing Excel file: ladies_standings_predictions.xlsx
[2025-10-27 21:36:50 UTC] ✓ Successfully processed ladies_standings_predictions.xlsx
[2025-10-27 21:36:50 UTC] Processing Excel file: ladies_magic_numbers.xlsx
[2025-10-27 21:36:50 UTC] ✓ Successfully processed ladies_magic_numbers.xlsx
[2025-10-27 21:36:50 UTC] Processed 6 out of 6 expected files for alpine
[2025-10-27 21:36:50 UTC] ✓ alpine returned recap data: alpine:weekly-recap:true
[2025-10-27 21:36:50 UTC] Added recap: alpine:weekly-recap:true
[2025-10-27 21:36:50 UTC] --- Completed alpine processing ---
[2025-10-27 21:36:50 UTC] 
[2025-10-27 21:36:50 UTC] --- Starting biathlon processing ---
[2025-10-27 21:36:50 UTC] Processing sport recap: biathlon -> biathlon
[2025-10-27 21:36:50 UTC] Checking files for biathlon:
[2025-10-27 21:36:50 UTC]   Standings script: /Users/syverjohansen/ski/elo/python/biathlon/polars/standings_scrape.py (exists: yes)
[2025-10-27 21:36:50 UTC]   Races CSV: /Users/syverjohansen/ski/elo/python/biathlon/polars/excel365/races.csv (exists: yes)
[2025-10-27 21:36:50 UTC]   Recap R script: /Users/syverjohansen/blog/daehl-e/content/post/biathlon/drafts/race-recap2.R (exists: yes)
[2025-10-27 21:36:50 UTC] Running standings_scrape.py for biathlon
[2025-10-27 21:36:51 UTC] ✓ Successfully ran standings_scrape.py for biathlon
[2025-10-27 21:36:51 UTC] Checking for races in last 7 days in /Users/syverjohansen/ski/elo/python/biathlon/polars/excel365/races.csv
[2025-10-27 21:36:51 UTC] Checking dates: 10/20/2025 10/21/2025 10/22/2025 10/23/2025 10/24/2025 10/25/2025 10/26/2025
[2025-10-27 21:36:51 UTC] ✗ No races found in last 7 days for biathlon
[2025-10-27 21:36:51 UTC] ✗ biathlon returned no recap data or failed processing
[2025-10-27 21:36:51 UTC] --- Completed biathlon processing ---
[2025-10-27 21:36:51 UTC] 
[2025-10-27 21:36:51 UTC] --- Starting nordic-combined processing ---
[2025-10-27 21:36:51 UTC] Processing sport recap: nordic-combined -> nordic-combined
[2025-10-27 21:36:51 UTC] Checking files for nordic-combined:
[2025-10-27 21:36:51 UTC]   Standings script: /Users/syverjohansen/ski/elo/python/nordic-combined/polars/standings_scrape.py (exists: yes)
[2025-10-27 21:36:51 UTC]   Races CSV: /Users/syverjohansen/ski/elo/python/nordic-combined/polars/excel365/races.csv (exists: yes)
[2025-10-27 21:36:51 UTC]   Recap R script: /Users/syverjohansen/blog/daehl-e/content/post/nordic-combined/drafts/race-recap2.R (exists: yes)
[2025-10-27 21:36:51 UTC] Running standings_scrape.py for nordic-combined
[2025-10-27 21:36:52 UTC] ✓ Successfully ran standings_scrape.py for nordic-combined
[2025-10-27 21:36:52 UTC] Checking for races in last 7 days in /Users/syverjohansen/ski/elo/python/nordic-combined/polars/excel365/races.csv
[2025-10-27 21:36:52 UTC] Checking dates: 10/20/2025 10/21/2025 10/22/2025 10/23/2025 10/24/2025 10/25/2025 10/26/2025
[2025-10-27 21:36:53 UTC] ✗ No races found in last 7 days for nordic-combined
[2025-10-27 21:36:53 UTC] ✗ nordic-combined returned no recap data or failed processing
[2025-10-27 21:36:53 UTC] --- Completed nordic-combined processing ---
[2025-10-27 21:36:53 UTC] 
[2025-10-27 21:36:53 UTC] --- Starting ski processing ---
[2025-10-27 21:36:53 UTC] Processing sport recap: ski -> cross-country
[2025-10-27 21:36:53 UTC] Checking files for ski:
[2025-10-27 21:36:53 UTC]   Standings script: /Users/syverjohansen/ski/elo/python/ski/polars/standings_scrape.py (exists: yes)
[2025-10-27 21:36:53 UTC]   Races CSV: /Users/syverjohansen/ski/elo/python/ski/polars/excel365/races.csv (exists: yes)
[2025-10-27 21:36:53 UTC]   Recap R script: /Users/syverjohansen/blog/daehl-e/content/post/cross-country/drafts/race-recap2.R (exists: yes)
[2025-10-27 21:36:53 UTC] Running standings_scrape.py for ski
[2025-10-27 21:36:54 UTC] ✓ Successfully ran standings_scrape.py for ski
[2025-10-27 21:36:54 UTC] Checking for races in last 7 days in /Users/syverjohansen/ski/elo/python/ski/polars/excel365/races.csv
[2025-10-27 21:36:54 UTC] Checking dates: 10/20/2025 10/21/2025 10/22/2025 10/23/2025 10/24/2025 10/25/2025 10/26/2025
[2025-10-27 21:36:54 UTC] ✗ No races found in last 7 days for ski
[2025-10-27 21:36:54 UTC] ✗ ski returned no recap data or failed processing
[2025-10-27 21:36:54 UTC] --- Completed ski processing ---
[2025-10-27 21:36:54 UTC] 
[2025-10-27 21:36:54 UTC] --- Starting skijump processing ---
[2025-10-27 21:36:54 UTC] Processing sport recap: skijump -> skijump
[2025-10-27 21:36:54 UTC] Checking files for skijump:
[2025-10-27 21:36:54 UTC]   Standings script: /Users/syverjohansen/ski/elo/python/skijump/polars/standings_scrape.py (exists: yes)
[2025-10-27 21:36:54 UTC]   Races CSV: /Users/syverjohansen/ski/elo/python/skijump/polars/excel365/races.csv (exists: yes)
[2025-10-27 21:36:54 UTC]   Recap R script: /Users/syverjohansen/blog/daehl-e/content/post/skijump/drafts/race-recap2.R (exists: yes)
[2025-10-27 21:36:54 UTC] Running standings_scrape.py for skijump
[2025-10-27 21:36:55 UTC] ✓ Successfully ran standings_scrape.py for skijump
[2025-10-27 21:36:55 UTC] Checking for races in last 7 days in /Users/syverjohansen/ski/elo/python/skijump/polars/excel365/races.csv
[2025-10-27 21:36:55 UTC] Checking dates: 10/20/2025 10/21/2025 10/22/2025 10/23/2025 10/24/2025 10/25/2025 10/26/2025
[2025-10-27 21:36:55 UTC] ✗ No races found in last 7 days for skijump
[2025-10-27 21:36:55 UTC] ✗ skijump returned no recap data or failed processing
[2025-10-27 21:36:55 UTC] --- Completed skijump processing ---
[2025-10-27 21:36:55 UTC] 
[2025-10-27 21:36:55 UTC] =======================================
[2025-10-27 21:36:55 UTC] Sport processing complete
[2025-10-27 21:36:55 UTC] Sports with recaps: alpine:weekly-recap:true
[2025-10-27 21:36:55 UTC] =======================================
[2025-10-27 21:36:55 UTC] Creating Hugo post for weekly recaps
[2025-10-27 21:36:55 UTC] Sports with recaps to process: 'alpine:weekly-recap:true'
[2025-10-27 21:36:55 UTC] Recap post directory: /Users/syverjohansen/blog/daehl-e/content/post/weekly-recap (exists: yes)
[2025-10-27 21:36:55 UTC] Recap post file: /Users/syverjohansen/blog/daehl-e/content/post/weekly-recap/20251027.md
[2025-10-27 21:36:55 UTC] Created weekly recap post header
[2025-10-27 21:36:55 UTC] Adding section for recap sport: alpine
[2025-10-27 21:36:55 UTC] Creating section for sport: alpine
[2025-10-27 21:36:55 UTC] Adding section for men in alpine
[2025-10-27 21:36:55 UTC] Adding Elo Change section for men in alpine
[2025-10-27 21:36:55 UTC] Adding Standings Predictions section for men in alpine
[2025-10-27 21:36:55 UTC] Adding Magic Numbers section for men in alpine
[2025-10-27 21:36:55 UTC] Adding section for ladies in alpine
[2025-10-27 21:36:55 UTC] Adding Elo Change section for ladies in alpine
[2025-10-27 21:36:55 UTC] Adding Standings Predictions section for ladies in alpine
[2025-10-27 21:36:55 UTC] Adding Magic Numbers section for ladies in alpine
[2025-10-27 21:36:55 UTC] ✓ Created weekly recap post: /Users/syverjohansen/blog/daehl-e/content/post/weekly-recap/20251027.md
[2025-10-27 21:36:55 UTC] =======================================
[2025-10-27 21:36:55 UTC] Weekly recap script completed successfully
[2025-10-27 21:36:55 UTC] =======================================
