=== Ski Statistics Update Script ===
Date: Sun Oct 26 02:34:47 GMT 2025
Checking for races on: 10/25/2025
======================================

=== CHECKING FOR RACES ===
  Checking /Users/syverjohansen/ski/elo/python/alpine/polars/excel365/races.csv for date 10/25/2025
✓ Races found for alpine on 10/25/2025
  Checking /Users/syverjohansen/ski/elo/python/biathlon/polars/excel365/races.csv for date 10/25/2025
- No races found for biathlon on 10/25/2025
  Available dates in file:
11/29/2025
11/30/2025
12/02/2025
12/03/2025
12/05/2025
12/06/2025
12/07/2025
12/12/2025
12/13/2025
12/14/2025
  Checking /Users/syverjohansen/ski/elo/python/nordic-combined/polars/excel365/races.csv for date 10/25/2025
- No races found for nordic-combined on 10/25/2025
  Available dates in file:
01/03/2026
01/04/2026
01/09/2026
01/10/2026
11/28/2025
11/29/2025
11/30/2025
12/05/2025
12/06/2025
12/07/2025
  Checking /Users/syverjohansen/ski/elo/python/skijump/polars/excel365/races.csv for date 10/25/2025
- No races found for skijump on 10/25/2025
  Available dates in file:
11/21/2025
11/23/2025
11/25/2025
11/26/2025
11/28/2025
11/29/2025
11/30/2025
12/03/2025
12/05/2025
12/07/2025
  Checking /Users/syverjohansen/ski/elo/python/ski/polars/excel365/races.csv for date 10/25/2025
- No races found for ski on 10/25/2025
  Available dates in file:
11/28/2025
11/29/2025
11/30/2025
12/05/2025
12/06/2025
12/07/2025
12/12/2025
12/13/2025
12/14/2025
12/28/2025

=== PROCESSING SPORTS WITH RACES ===
Sports to process: alpine

--- Processing alpine ---
  Running elo processing for alpine...
    Running update_scrape.py...
/Users/syverjohansen/blog/daehl-e/score_scrape.sh: line 71:  7921 Illegal instruction: 4  python3 update_scrape.py
    Running elo_script.sh...
Starting men's ELO calculations...
Processing M...
elo_script.sh: line 7:  7925 Illegal instruction: 4  python3 elo.py "$json"
Processing M_Downhill...
elo_script.sh: line 7:  7928 Illegal instruction: 4  python3 elo.py "$json"
Renamed Downhill.feather to M_Downhill.feather
Renamed Downhill.csv to M_Downhill.csv
Processing M_SuperG...
elo_script.sh: line 7:  7934 Illegal instruction: 4  python3 elo.py "$json"
Processing M_GS...
elo_script.sh: line 7:  7938 Illegal instruction: 4  python3 elo.py "$json"
Processing M_SL...
elo_script.sh: line 7:  7942 Illegal instruction: 4  python3 elo.py "$json"
Renamed Slalom.feather to M_SL.feather
Renamed Slalom.csv to M_SL.csv
Processing M_Combined...
elo_script.sh: line 7:  7948 Illegal instruction: 4  python3 elo.py "$json"
Processing M_Tech...
elo_script.sh: line 7:  7952 Illegal instruction: 4  python3 elo.py "$json"
Processing M_Speed...
elo_script.sh: line 7:  7956 Illegal instruction: 4  python3 elo.py "$json"
Starting ladies' ELO calculations...
Processing L...
elo_script.sh: line 7:  7960 Illegal instruction: 4  python3 elo.py "$json"
Processing L_Downhill...
elo_script.sh: line 7:  7963 Illegal instruction: 4  python3 elo.py "$json"
Processing L_SuperG...
elo_script.sh: line 7:  7967 Illegal instruction: 4  python3 elo.py "$json"
Processing L_GS...
elo_script.sh: line 7:  7971 Illegal instruction: 4  python3 elo.py "$json"
Processing L_SL...
elo_script.sh: line 7:  7975 Illegal instruction: 4  python3 elo.py "$json"
Processing L_Combined...
elo_script.sh: line 7:  7979 Illegal instruction: 4  python3 elo.py "$json"
Processing L_Tech...
elo_script.sh: line 7:  7983 Illegal instruction: 4  python3 elo.py "$json"
Processing L_Speed...
elo_script.sh: line 7:  7987 Illegal instruction: 4  python3 elo.py "$json"
All Alpine ELO calculations completed!
    Running chrono.py...
/Users/syverjohansen/blog/daehl-e/score_scrape.sh: line 71:  7989 Illegal instruction: 4  python3 chrono.py
    Running elevation_chrono_merge.py...
/Library/Frameworks/Python.framework/Versions/3.12/Resources/Python.app/Contents/MacOS/Python: can't open file '/Users/syverjohansen/ski/elo/python/alpine/polars/elevation_chrono.merge.py': [Errno 2] No such file or directory
  Running rank scraping for alpine...
    Running rank_scrape.py...
Traceback (most recent call last):
  File "/Users/syverjohansen/ski/ranks/alpine/rank_scrape.py", line 6, in <module>
    import pandas as pd
  File "/Users/syverjohansen/Library/Python/3.12/lib/python/site-packages/pandas/__init__.py", line 19, in <module>
    raise ImportError(
ImportError: Unable to import required dependencies:
numpy: Error importing numpy: you should not try to import numpy from
        its source directory; please exit the numpy source tree, and relaunch
        your python interpreter from there.

=== UPDATING HUGO SITE ===

--- Updating Hugo files for alpine ---
  Updating Hugo files for alpine...
    Running current_ids.py...
Traceback (most recent call last):
  File "/Users/syverjohansen/blog/daehl-e/static/python/alpine/current_ids.py", line 1, in <module>
    import pandas as pd
  File "/Users/syverjohansen/Library/Python/3.12/lib/python/site-packages/pandas/__init__.py", line 19, in <module>
    raise ImportError(
ImportError: Unable to import required dependencies:
numpy: Error importing numpy: you should not try to import numpy from
        its source directory; please exit the numpy source tree, and relaunch
        your python interpreter from there.
    Running all_ids.py...
Traceback (most recent call last):
  File "/Users/syverjohansen/blog/daehl-e/static/python/alpine/all_ids.py", line 1, in <module>
    import pandas as pd
  File "/Users/syverjohansen/Library/Python/3.12/lib/python/site-packages/pandas/__init__.py", line 19, in <module>
    raise ImportError(
ImportError: Unable to import required dependencies:
numpy: Error importing numpy: you should not try to import numpy from
        its source directory; please exit the numpy source tree, and relaunch
        your python interpreter from there.
    Running all_time_elo.py...
Traceback (most recent call last):
  File "/Users/syverjohansen/blog/daehl-e/static/python/alpine/all_time_elo.py", line 1, in <module>
    import pandas as pd
  File "/Users/syverjohansen/Library/Python/3.12/lib/python/site-packages/pandas/__init__.py", line 19, in <module>
    raise ImportError(
ImportError: Unable to import required dependencies:
numpy: Error importing numpy: you should not try to import numpy from
        its source directory; please exit the numpy source tree, and relaunch
        your python interpreter from there.
    Running races.py...
Traceback (most recent call last):
  File "/Users/syverjohansen/blog/daehl-e/static/python/alpine/races.py", line 2, in <module>
    import pandas as pd
  File "/Users/syverjohansen/Library/Python/3.12/lib/python/site-packages/pandas/__init__.py", line 19, in <module>
    raise ImportError(
ImportError: Unable to import required dependencies:
numpy: Error importing numpy: you should not try to import numpy from
        its source directory; please exit the numpy source tree, and relaunch
        your python interpreter from there.
    Running ranks.py...
Traceback (most recent call last):
  File "/Users/syverjohansen/blog/daehl-e/static/python/alpine/ranks.py", line 1, in <module>
    import pandas as pd
  File "/Users/syverjohansen/Library/Python/3.12/lib/python/site-packages/pandas/__init__.py", line 19, in <module>
    raise ImportError(
ImportError: Unable to import required dependencies:
numpy: Error importing numpy: you should not try to import numpy from
        its source directory; please exit the numpy source tree, and relaunch
        your python interpreter from there.
    Running elo_tables.py...
Traceback (most recent call last):
  File "/Users/syverjohansen/blog/daehl-e/static/python/alpine/elo_tables.py", line 1, in <module>
    import pandas as pd
  File "/Users/syverjohansen/Library/Python/3.12/lib/python/site-packages/pandas/__init__.py", line 19, in <module>
    raise ImportError(
ImportError: Unable to import required dependencies:
numpy: Error importing numpy: you should not try to import numpy from
        its source directory; please exit the numpy source tree, and relaunch
        your python interpreter from there.
    Running skier_info.py...
Traceback (most recent call last):
  File "/Users/syverjohansen/blog/daehl-e/static/python/alpine/skier_info.py", line 1, in <module>
    import pandas as pd
  File "/Users/syverjohansen/Library/Python/3.12/lib/python/site-packages/pandas/__init__.py", line 19, in <module>
    raise ImportError(
ImportError: Unable to import required dependencies:
numpy: Error importing numpy: you should not try to import numpy from
        its source directory; please exit the numpy source tree, and relaunch
        your python interpreter from there.
    Running skier_tables.py...
Traceback (most recent call last):
  File "/Users/syverjohansen/blog/daehl-e/static/python/alpine/skier_tables.py", line 1, in <module>
    import pandas as pd
  File "/Users/syverjohansen/Library/Python/3.12/lib/python/site-packages/pandas/__init__.py", line 19, in <module>
    raise ImportError(
ImportError: Unable to import required dependencies:
numpy: Error importing numpy: you should not try to import numpy from
        its source directory; please exit the numpy source tree, and relaunch
        your python interpreter from there.
    Running head2head.py...
Traceback (most recent call last):
  File "/Users/syverjohansen/blog/daehl-e/static/python/alpine/head2head.py", line 1, in <module>
    import pandas as pd
  File "/Users/syverjohansen/Library/Python/3.12/lib/python/site-packages/pandas/__init__.py", line 19, in <module>
    raise ImportError(
ImportError: Unable to import required dependencies:
numpy: Error importing numpy: you should not try to import numpy from
        its source directory; please exit the numpy source tree, and relaunch
        your python interpreter from there.

--- Updating Hugo files for biathlon ---
  Updating Hugo files for biathlon...
    Running current_ids.py...
Traceback (most recent call last):
  File "/Users/syverjohansen/blog/daehl-e/static/python/biathlon/current_ids.py", line 1, in <module>
    import pandas as pd
  File "/Users/syverjohansen/Library/Python/3.12/lib/python/site-packages/pandas/__init__.py", line 19, in <module>
    raise ImportError(
ImportError: Unable to import required dependencies:
numpy: Error importing numpy: you should not try to import numpy from
        its source directory; please exit the numpy source tree, and relaunch
        your python interpreter from there.
    Running all_ids.py...
Traceback (most recent call last):
  File "/Users/syverjohansen/blog/daehl-e/static/python/biathlon/all_ids.py", line 1, in <module>
    import pandas as pd
  File "/Users/syverjohansen/Library/Python/3.12/lib/python/site-packages/pandas/__init__.py", line 19, in <module>
    raise ImportError(
ImportError: Unable to import required dependencies:
numpy: Error importing numpy: you should not try to import numpy from
        its source directory; please exit the numpy source tree, and relaunch
        your python interpreter from there.
    Running all_time_elo.py...
Traceback (most recent call last):
  File "/Users/syverjohansen/blog/daehl-e/static/python/biathlon/all_time_elo.py", line 1, in <module>
    import pandas as pd
  File "/Users/syverjohansen/Library/Python/3.12/lib/python/site-packages/pandas/__init__.py", line 19, in <module>
    raise ImportError(
ImportError: Unable to import required dependencies:
numpy: Error importing numpy: you should not try to import numpy from
        its source directory; please exit the numpy source tree, and relaunch
        your python interpreter from there.
    Running races.py...
Traceback (most recent call last):
  File "/Users/syverjohansen/blog/daehl-e/static/python/biathlon/races.py", line 2, in <module>
    import pandas as pd
  File "/Users/syverjohansen/Library/Python/3.12/lib/python/site-packages/pandas/__init__.py", line 19, in <module>
    raise ImportError(
ImportError: Unable to import required dependencies:
numpy: Error importing numpy: you should not try to import numpy from
        its source directory; please exit the numpy source tree, and relaunch
        your python interpreter from there.
    Running ranks.py...
Traceback (most recent call last):
  File "/Users/syverjohansen/blog/daehl-e/static/python/biathlon/ranks.py", line 1, in <module>
    import pandas as pd
  File "/Users/syverjohansen/Library/Python/3.12/lib/python/site-packages/pandas/__init__.py", line 19, in <module>
    raise ImportError(
ImportError: Unable to import required dependencies:
numpy: Error importing numpy: you should not try to import numpy from
        its source directory; please exit the numpy source tree, and relaunch
        your python interpreter from there.
    Running elo_tables.py...
Traceback (most recent call last):
  File "/Users/syverjohansen/blog/daehl-e/static/python/biathlon/elo_tables.py", line 1, in <module>
    import pandas as pd
  File "/Users/syverjohansen/Library/Python/3.12/lib/python/site-packages/pandas/__init__.py", line 19, in <module>
    raise ImportError(
ImportError: Unable to import required dependencies:
numpy: Error importing numpy: you should not try to import numpy from
        its source directory; please exit the numpy source tree, and relaunch
        your python interpreter from there.
    Running skier_info.py...
Traceback (most recent call last):
  File "/Users/syverjohansen/blog/daehl-e/static/python/biathlon/skier_info.py", line 1, in <module>
    import pandas as pd
  File "/Users/syverjohansen/Library/Python/3.12/lib/python/site-packages/pandas/__init__.py", line 19, in <module>
    raise ImportError(
ImportError: Unable to import required dependencies:
numpy: Error importing numpy: you should not try to import numpy from
        its source directory; please exit the numpy source tree, and relaunch
        your python interpreter from there.
    Running skier_tables.py...
Traceback (most recent call last):
  File "/Users/syverjohansen/blog/daehl-e/static/python/biathlon/skier_tables.py", line 1, in <module>
    import pandas as pd
  File "/Users/syverjohansen/Library/Python/3.12/lib/python/site-packages/pandas/__init__.py", line 19, in <module>
    raise ImportError(
ImportError: Unable to import required dependencies:
numpy: Error importing numpy: you should not try to import numpy from
        its source directory; please exit the numpy source tree, and relaunch
        your python interpreter from there.
    Running head2head.py...
Traceback (most recent call last):
  File "/Users/syverjohansen/blog/daehl-e/static/python/biathlon/head2head.py", line 1, in <module>
    import pandas as pd
  File "/Users/syverjohansen/Library/Python/3.12/lib/python/site-packages/pandas/__init__.py", line 19, in <module>
    raise ImportError(
ImportError: Unable to import required dependencies:
numpy: Error importing numpy: you should not try to import numpy from
        its source directory; please exit the numpy source tree, and relaunch
        your python interpreter from there.

--- Updating Hugo files for cross-country ---
  Updating Hugo files for cross-country...
    Running current_ids.py...
Traceback (most recent call last):
  File "/Users/syverjohansen/blog/daehl-e/static/python/cross-country/current_ids.py", line 1, in <module>
    import pandas as pd
  File "/Users/syverjohansen/Library/Python/3.12/lib/python/site-packages/pandas/__init__.py", line 19, in <module>
    raise ImportError(
ImportError: Unable to import required dependencies:
numpy: Error importing numpy: you should not try to import numpy from
        its source directory; please exit the numpy source tree, and relaunch
        your python interpreter from there.
    Running all_ids.py...
Traceback (most recent call last):
  File "/Users/syverjohansen/blog/daehl-e/static/python/cross-country/all_ids.py", line 1, in <module>
    import pandas as pd
  File "/Users/syverjohansen/Library/Python/3.12/lib/python/site-packages/pandas/__init__.py", line 19, in <module>
    raise ImportError(
ImportError: Unable to import required dependencies:
numpy: Error importing numpy: you should not try to import numpy from
        its source directory; please exit the numpy source tree, and relaunch
        your python interpreter from there.
    Running all_time_elo.py...
Traceback (most recent call last):
  File "/Users/syverjohansen/blog/daehl-e/static/python/cross-country/all_time_elo.py", line 1, in <module>
    import pandas as pd
  File "/Users/syverjohansen/Library/Python/3.12/lib/python/site-packages/pandas/__init__.py", line 19, in <module>
    raise ImportError(
ImportError: Unable to import required dependencies:
numpy: Error importing numpy: you should not try to import numpy from
        its source directory; please exit the numpy source tree, and relaunch
        your python interpreter from there.
    Running races.py...
Traceback (most recent call last):
  File "/Users/syverjohansen/blog/daehl-e/static/python/cross-country/races.py", line 2, in <module>
    import pandas as pd
  File "/Users/syverjohansen/Library/Python/3.12/lib/python/site-packages/pandas/__init__.py", line 19, in <module>
    raise ImportError(
ImportError: Unable to import required dependencies:
numpy: Error importing numpy: you should not try to import numpy from
        its source directory; please exit the numpy source tree, and relaunch
        your python interpreter from there.
    Running ranks.py...
Traceback (most recent call last):
  File "/Users/syverjohansen/blog/daehl-e/static/python/cross-country/ranks.py", line 1, in <module>
    import pandas as pd
  File "/Users/syverjohansen/Library/Python/3.12/lib/python/site-packages/pandas/__init__.py", line 19, in <module>
    raise ImportError(
ImportError: Unable to import required dependencies:
numpy: Error importing numpy: you should not try to import numpy from
        its source directory; please exit the numpy source tree, and relaunch
        your python interpreter from there.
    Running elo_tables.py...
Traceback (most recent call last):
  File "/Users/syverjohansen/blog/daehl-e/static/python/cross-country/elo_tables.py", line 1, in <module>
    import pandas as pd
  File "/Users/syverjohansen/Library/Python/3.12/lib/python/site-packages/pandas/__init__.py", line 19, in <module>
    raise ImportError(
ImportError: Unable to import required dependencies:
numpy: Error importing numpy: you should not try to import numpy from
        its source directory; please exit the numpy source tree, and relaunch
        your python interpreter from there.
    Running skier_info.py...
Traceback (most recent call last):
  File "/Users/syverjohansen/blog/daehl-e/static/python/cross-country/skier_info.py", line 1, in <module>
    import pandas as pd
  File "/Users/syverjohansen/Library/Python/3.12/lib/python/site-packages/pandas/__init__.py", line 19, in <module>
    raise ImportError(
ImportError: Unable to import required dependencies:
numpy: Error importing numpy: you should not try to import numpy from
        its source directory; please exit the numpy source tree, and relaunch
        your python interpreter from there.
    Running skier_tables.py...
Traceback (most recent call last):
  File "/Users/syverjohansen/blog/daehl-e/static/python/cross-country/skier_tables.py", line 1, in <module>
    import pandas as pd
  File "/Users/syverjohansen/Library/Python/3.12/lib/python/site-packages/pandas/__init__.py", line 19, in <module>
    raise ImportError(
ImportError: Unable to import required dependencies:
numpy: Error importing numpy: you should not try to import numpy from
        its source directory; please exit the numpy source tree, and relaunch
        your python interpreter from there.
    Running head2head.py...
Traceback (most recent call last):
  File "/Users/syverjohansen/blog/daehl-e/static/python/cross-country/head2head.py", line 1, in <module>
    import pandas as pd
  File "/Users/syverjohansen/Library/Python/3.12/lib/python/site-packages/pandas/__init__.py", line 19, in <module>
    raise ImportError(
ImportError: Unable to import required dependencies:
numpy: Error importing numpy: you should not try to import numpy from
        its source directory; please exit the numpy source tree, and relaunch
        your python interpreter from there.

--- Updating Hugo files for nordic-combined ---
  Updating Hugo files for nordic-combined...
    Running current_ids.py...
Traceback (most recent call last):
  File "/Users/syverjohansen/blog/daehl-e/static/python/nordic-combined/current_ids.py", line 1, in <module>
    import pandas as pd
  File "/Users/syverjohansen/Library/Python/3.12/lib/python/site-packages/pandas/__init__.py", line 19, in <module>
    raise ImportError(
ImportError: Unable to import required dependencies:
numpy: Error importing numpy: you should not try to import numpy from
        its source directory; please exit the numpy source tree, and relaunch
        your python interpreter from there.
    Running all_ids.py...
Traceback (most recent call last):
  File "/Users/syverjohansen/blog/daehl-e/static/python/nordic-combined/all_ids.py", line 1, in <module>
    import pandas as pd
  File "/Users/syverjohansen/Library/Python/3.12/lib/python/site-packages/pandas/__init__.py", line 19, in <module>
    raise ImportError(
ImportError: Unable to import required dependencies:
numpy: Error importing numpy: you should not try to import numpy from
        its source directory; please exit the numpy source tree, and relaunch
        your python interpreter from there.
    Running all_time_elo.py...
Traceback (most recent call last):
  File "/Users/syverjohansen/blog/daehl-e/static/python/nordic-combined/all_time_elo.py", line 1, in <module>
    import pandas as pd
  File "/Users/syverjohansen/Library/Python/3.12/lib/python/site-packages/pandas/__init__.py", line 19, in <module>
    raise ImportError(
ImportError: Unable to import required dependencies:
numpy: Error importing numpy: you should not try to import numpy from
        its source directory; please exit the numpy source tree, and relaunch
        your python interpreter from there.
    Running races.py...
Traceback (most recent call last):
  File "/Users/syverjohansen/blog/daehl-e/static/python/nordic-combined/races.py", line 2, in <module>
    import pandas as pd
  File "/Users/syverjohansen/Library/Python/3.12/lib/python/site-packages/pandas/__init__.py", line 19, in <module>
    raise ImportError(
ImportError: Unable to import required dependencies:
numpy: Error importing numpy: you should not try to import numpy from
        its source directory; please exit the numpy source tree, and relaunch
        your python interpreter from there.
    Running ranks.py...
Traceback (most recent call last):
  File "/Users/syverjohansen/blog/daehl-e/static/python/nordic-combined/ranks.py", line 1, in <module>
    import pandas as pd
  File "/Users/syverjohansen/Library/Python/3.12/lib/python/site-packages/pandas/__init__.py", line 19, in <module>
    raise ImportError(
ImportError: Unable to import required dependencies:
numpy: Error importing numpy: you should not try to import numpy from
        its source directory; please exit the numpy source tree, and relaunch
        your python interpreter from there.
    Running elo_tables.py...
Traceback (most recent call last):
  File "/Users/syverjohansen/blog/daehl-e/static/python/nordic-combined/elo_tables.py", line 1, in <module>
    import pandas as pd
  File "/Users/syverjohansen/Library/Python/3.12/lib/python/site-packages/pandas/__init__.py", line 19, in <module>
    raise ImportError(
ImportError: Unable to import required dependencies:
numpy: Error importing numpy: you should not try to import numpy from
        its source directory; please exit the numpy source tree, and relaunch
        your python interpreter from there.
    Running skier_info.py...
Traceback (most recent call last):
  File "/Users/syverjohansen/blog/daehl-e/static/python/nordic-combined/skier_info.py", line 1, in <module>
    import pandas as pd
  File "/Users/syverjohansen/Library/Python/3.12/lib/python/site-packages/pandas/__init__.py", line 19, in <module>
    raise ImportError(
ImportError: Unable to import required dependencies:
numpy: Error importing numpy: you should not try to import numpy from
        its source directory; please exit the numpy source tree, and relaunch
        your python interpreter from there.
    Running skier_tables.py...
Traceback (most recent call last):
  File "/Users/syverjohansen/blog/daehl-e/static/python/nordic-combined/skier_tables.py", line 1, in <module>
    import pandas as pd
  File "/Users/syverjohansen/Library/Python/3.12/lib/python/site-packages/pandas/__init__.py", line 19, in <module>
    raise ImportError(
ImportError: Unable to import required dependencies:
numpy: Error importing numpy: you should not try to import numpy from
        its source directory; please exit the numpy source tree, and relaunch
        your python interpreter from there.
    Running head2head.py...
Traceback (most recent call last):
  File "/Users/syverjohansen/blog/daehl-e/static/python/nordic-combined/head2head.py", line 1, in <module>
    import pandas as pd
  File "/Users/syverjohansen/Library/Python/3.12/lib/python/site-packages/pandas/__init__.py", line 19, in <module>
    raise ImportError(
ImportError: Unable to import required dependencies:
numpy: Error importing numpy: you should not try to import numpy from
        its source directory; please exit the numpy source tree, and relaunch
        your python interpreter from there.

--- Updating Hugo files for skijump ---
  Updating Hugo files for skijump...
    Running current_ids.py...
Traceback (most recent call last):
  File "/Users/syverjohansen/blog/daehl-e/static/python/skijump/current_ids.py", line 1, in <module>
    import pandas as pd
  File "/Users/syverjohansen/Library/Python/3.12/lib/python/site-packages/pandas/__init__.py", line 19, in <module>
    raise ImportError(
ImportError: Unable to import required dependencies:
numpy: Error importing numpy: you should not try to import numpy from
        its source directory; please exit the numpy source tree, and relaunch
        your python interpreter from there.
    Running all_ids.py...
Traceback (most recent call last):
  File "/Users/syverjohansen/blog/daehl-e/static/python/skijump/all_ids.py", line 1, in <module>
    import pandas as pd
  File "/Users/syverjohansen/Library/Python/3.12/lib/python/site-packages/pandas/__init__.py", line 19, in <module>
    raise ImportError(
ImportError: Unable to import required dependencies:
numpy: Error importing numpy: you should not try to import numpy from
        its source directory; please exit the numpy source tree, and relaunch
        your python interpreter from there.
    Running all_time_elo.py...
Traceback (most recent call last):
  File "/Users/syverjohansen/blog/daehl-e/static/python/skijump/all_time_elo.py", line 1, in <module>
    import pandas as pd
  File "/Users/syverjohansen/Library/Python/3.12/lib/python/site-packages/pandas/__init__.py", line 19, in <module>
    raise ImportError(
ImportError: Unable to import required dependencies:
numpy: Error importing numpy: you should not try to import numpy from
        its source directory; please exit the numpy source tree, and relaunch
        your python interpreter from there.
    Running races.py...
Traceback (most recent call last):
  File "/Users/syverjohansen/blog/daehl-e/static/python/skijump/races.py", line 2, in <module>
    import pandas as pd
  File "/Users/syverjohansen/Library/Python/3.12/lib/python/site-packages/pandas/__init__.py", line 19, in <module>
    raise ImportError(
ImportError: Unable to import required dependencies:
numpy: Error importing numpy: you should not try to import numpy from
        its source directory; please exit the numpy source tree, and relaunch
        your python interpreter from there.
    Running ranks.py...
Traceback (most recent call last):
  File "/Users/syverjohansen/blog/daehl-e/static/python/skijump/ranks.py", line 1, in <module>
    import pandas as pd
  File "/Users/syverjohansen/Library/Python/3.12/lib/python/site-packages/pandas/__init__.py", line 19, in <module>
    raise ImportError(
ImportError: Unable to import required dependencies:
numpy: Error importing numpy: you should not try to import numpy from
        its source directory; please exit the numpy source tree, and relaunch
        your python interpreter from there.
    Running elo_tables.py...
Traceback (most recent call last):
  File "/Users/syverjohansen/blog/daehl-e/static/python/skijump/elo_tables.py", line 1, in <module>
    import pandas as pd
  File "/Users/syverjohansen/Library/Python/3.12/lib/python/site-packages/pandas/__init__.py", line 19, in <module>
    raise ImportError(
ImportError: Unable to import required dependencies:
numpy: Error importing numpy: you should not try to import numpy from
        its source directory; please exit the numpy source tree, and relaunch
        your python interpreter from there.
    Running skier_info.py...
Traceback (most recent call last):
  File "/Users/syverjohansen/blog/daehl-e/static/python/skijump/skier_info.py", line 1, in <module>
    import pandas as pd
  File "/Users/syverjohansen/Library/Python/3.12/lib/python/site-packages/pandas/__init__.py", line 19, in <module>
    raise ImportError(
ImportError: Unable to import required dependencies:
numpy: Error importing numpy: you should not try to import numpy from
        its source directory; please exit the numpy source tree, and relaunch
        your python interpreter from there.
    Running skier_tables.py...
Traceback (most recent call last):
  File "/Users/syverjohansen/blog/daehl-e/static/python/skijump/skier_tables.py", line 1, in <module>
    import pandas as pd
  File "/Users/syverjohansen/Library/Python/3.12/lib/python/site-packages/pandas/__init__.py", line 19, in <module>
    raise ImportError(
ImportError: Unable to import required dependencies:
numpy: Error importing numpy: you should not try to import numpy from
        its source directory; please exit the numpy source tree, and relaunch
        your python interpreter from there.
    Running head2head.py...
Traceback (most recent call last):
  File "/Users/syverjohansen/blog/daehl-e/static/python/skijump/head2head.py", line 1, in <module>
    import pandas as pd
  File "/Users/syverjohansen/Library/Python/3.12/lib/python/site-packages/pandas/__init__.py", line 19, in <module>
    raise ImportError(
ImportError: Unable to import required dependencies:
numpy: Error importing numpy: you should not try to import numpy from
        its source directory; please exit the numpy source tree, and relaunch
        your python interpreter from there.

=== SCRIPT COMPLETED ===
Processed sports with races: alpine
Updated Hugo files for all sports: alpine biathlon cross-country nordic-combined skijump
Completion time: Sun Oct 26 02:34:48 GMT 2025
