=== Ski Statistics Update Script ===
Date: Sat Nov 15 13:12:49 GMT 2025
Checking for races on: 11/14/2025
======================================

=== CHECKING FOR RACES ===
  Checking /Users/syverjohansen/ski/elo/python/alpine/polars/excel365/races.csv for date 11/14/2025
- No races found for alpine on 11/14/2025
  Available dates in file:
10/25/2025
10/26/2025
11/15/2025
11/16/2025
11/22/2025
11/23/2025
11/27/2025
11/28/2025
11/29/2025
11/30/2025
  Checking /Users/syverjohansen/ski/elo/python/biathlon/polars/excel365/races.csv for date 11/14/2025
- No races found for biathlon on 11/14/2025
  Available dates in file:
11/29/2025
11/30/2025
12/02/2025
12/03/2025
12/05/2025
12/06/2025
12/07/2025
12/12/2025
12/13/2025
12/14/2025
  Checking /Users/syverjohansen/ski/elo/python/nordic-combined/polars/excel365/races.csv for date 11/14/2025
- No races found for nordic-combined on 11/14/2025
  Available dates in file:
01/03/2026
01/04/2026
01/09/2026
01/10/2026
11/28/2025
11/29/2025
11/30/2025
12/05/2025
12/06/2025
12/07/2025
  Checking /Users/syverjohansen/ski/elo/python/skijump/polars/excel365/races.csv for date 11/14/2025
- No races found for skijump on 11/14/2025
  Available dates in file:
11/21/2025
11/23/2025
11/25/2025
11/26/2025
11/28/2025
11/29/2025
11/30/2025
12/03/2025
12/05/2025
12/07/2025
  Checking /Users/syverjohansen/ski/elo/python/ski/polars/excel365/races.csv for date 11/14/2025
- No races found for ski on 11/14/2025
  Available dates in file:
11/28/2025
11/29/2025
11/30/2025
12/05/2025
12/06/2025
12/07/2025
12/12/2025
12/13/2025
12/14/2025
12/28/2025

No races found for yesterday (11/14/2025). Exiting.
